   1              	 .syntax unified
   2              	 .cpu cortex-m4
   3              	 .eabi_attribute 27,3
   4              	 .fpu fpv4-sp-d16
   5              	 .eabi_attribute 20,1
   6              	 .eabi_attribute 21,1
   7              	 .eabi_attribute 23,3
   8              	 .eabi_attribute 24,1
   9              	 .eabi_attribute 25,1
  10              	 .eabi_attribute 26,1
  11              	 .eabi_attribute 30,6
  12              	 .eabi_attribute 34,1
  13              	 .eabi_attribute 18,4
  14              	 .thumb
  15              	 .file "main.c"
  16              	 .text
  17              	.Ltext0:
  18              	 .cfi_sections .debug_frame
  19              	 .section .text.XMC_GPIO_SetOutputHigh,"ax",%progbits
  20              	 .align 2
  21              	 .thumb
  22              	 .thumb_func
  24              	XMC_GPIO_SetOutputHigh:
  25              	.LFB164:
  26              	 .file 1 "C:/Workspaces/DAVE-4.3-64Bit/tmp/Lab03_Ex02/Libraries/XMCLib/inc/xmc_gpio.h"
   1:C:/Workspaces/DAVE-4.3-64Bit/tmp/Lab03_Ex02/Libraries/XMCLib/inc\xmc_gpio.h **** /**
   2:C:/Workspaces/DAVE-4.3-64Bit/tmp/Lab03_Ex02/Libraries/XMCLib/inc\xmc_gpio.h ****  * @file xmc_gpio.h
   3:C:/Workspaces/DAVE-4.3-64Bit/tmp/Lab03_Ex02/Libraries/XMCLib/inc\xmc_gpio.h ****  * @date 2015-06-20
   4:C:/Workspaces/DAVE-4.3-64Bit/tmp/Lab03_Ex02/Libraries/XMCLib/inc\xmc_gpio.h ****  *
   5:C:/Workspaces/DAVE-4.3-64Bit/tmp/Lab03_Ex02/Libraries/XMCLib/inc\xmc_gpio.h ****  * @cond
   6:C:/Workspaces/DAVE-4.3-64Bit/tmp/Lab03_Ex02/Libraries/XMCLib/inc\xmc_gpio.h ****  **************************************************************************************************
   7:C:/Workspaces/DAVE-4.3-64Bit/tmp/Lab03_Ex02/Libraries/XMCLib/inc\xmc_gpio.h ****  * XMClib v2.1.16 - XMC Peripheral Driver Library 
   8:C:/Workspaces/DAVE-4.3-64Bit/tmp/Lab03_Ex02/Libraries/XMCLib/inc\xmc_gpio.h ****  *
   9:C:/Workspaces/DAVE-4.3-64Bit/tmp/Lab03_Ex02/Libraries/XMCLib/inc\xmc_gpio.h ****  * Copyright (c) 2015-2017, Infineon Technologies AG
  10:C:/Workspaces/DAVE-4.3-64Bit/tmp/Lab03_Ex02/Libraries/XMCLib/inc\xmc_gpio.h ****  * All rights reserved.                        
  11:C:/Workspaces/DAVE-4.3-64Bit/tmp/Lab03_Ex02/Libraries/XMCLib/inc\xmc_gpio.h ****  *                                             
  12:C:/Workspaces/DAVE-4.3-64Bit/tmp/Lab03_Ex02/Libraries/XMCLib/inc\xmc_gpio.h ****  * Redistribution and use in source and binary forms, with or without modification,are permitted pr
  13:C:/Workspaces/DAVE-4.3-64Bit/tmp/Lab03_Ex02/Libraries/XMCLib/inc\xmc_gpio.h ****  * following conditions are met:   
  14:C:/Workspaces/DAVE-4.3-64Bit/tmp/Lab03_Ex02/Libraries/XMCLib/inc\xmc_gpio.h ****  *                                                                              
  15:C:/Workspaces/DAVE-4.3-64Bit/tmp/Lab03_Ex02/Libraries/XMCLib/inc\xmc_gpio.h ****  * Redistributions of source code must retain the above copyright notice, this list of conditions a
  16:C:/Workspaces/DAVE-4.3-64Bit/tmp/Lab03_Ex02/Libraries/XMCLib/inc\xmc_gpio.h ****  * disclaimer.                        
  17:C:/Workspaces/DAVE-4.3-64Bit/tmp/Lab03_Ex02/Libraries/XMCLib/inc\xmc_gpio.h ****  * 
  18:C:/Workspaces/DAVE-4.3-64Bit/tmp/Lab03_Ex02/Libraries/XMCLib/inc\xmc_gpio.h ****  * Redistributions in binary form must reproduce the above copyright notice, this list of condition
  19:C:/Workspaces/DAVE-4.3-64Bit/tmp/Lab03_Ex02/Libraries/XMCLib/inc\xmc_gpio.h ****  * disclaimer in the documentation and/or other materials provided with the distribution.          
  20:C:/Workspaces/DAVE-4.3-64Bit/tmp/Lab03_Ex02/Libraries/XMCLib/inc\xmc_gpio.h ****  * 
  21:C:/Workspaces/DAVE-4.3-64Bit/tmp/Lab03_Ex02/Libraries/XMCLib/inc\xmc_gpio.h ****  * Neither the name of the copyright holders nor the names of its contributors may be used to endor
  22:C:/Workspaces/DAVE-4.3-64Bit/tmp/Lab03_Ex02/Libraries/XMCLib/inc\xmc_gpio.h ****  * products derived from this software without specific prior written permission.                  
  23:C:/Workspaces/DAVE-4.3-64Bit/tmp/Lab03_Ex02/Libraries/XMCLib/inc\xmc_gpio.h ****  *                                                                              
  24:C:/Workspaces/DAVE-4.3-64Bit/tmp/Lab03_Ex02/Libraries/XMCLib/inc\xmc_gpio.h ****  * THIS SOFTWARE IS PROVIDED BY THE COPYRIGHT HOLDERS AND CONTRIBUTORS "AS IS" AND ANY EXPRESS OR I
  25:C:/Workspaces/DAVE-4.3-64Bit/tmp/Lab03_Ex02/Libraries/XMCLib/inc\xmc_gpio.h ****  * INCLUDING, BUT NOT LIMITED TO, THE IMPLIED WARRANTIES OF MERCHANTABILITY AND FITNESS FOR A PARTI
  26:C:/Workspaces/DAVE-4.3-64Bit/tmp/Lab03_Ex02/Libraries/XMCLib/inc\xmc_gpio.h ****  * DISCLAIMED. IN NO EVENT SHALL THE COPYRIGHT HOLDER OR CONTRIBUTORS BE LIABLE  FOR ANY DIRECT, IN
  27:C:/Workspaces/DAVE-4.3-64Bit/tmp/Lab03_Ex02/Libraries/XMCLib/inc\xmc_gpio.h ****  * SPECIAL, EXEMPLARY, OR CONSEQUENTIAL DAMAGES (INCLUDING, BUT NOT LIMITED TO, PROCUREMENT OF SUBS
  28:C:/Workspaces/DAVE-4.3-64Bit/tmp/Lab03_Ex02/Libraries/XMCLib/inc\xmc_gpio.h ****  * SERVICES; LOSS OF USE, DATA, OR PROFITS; OR BUSINESS INTERRUPTION) HOWEVER CAUSED AND ON ANY THE
  29:C:/Workspaces/DAVE-4.3-64Bit/tmp/Lab03_Ex02/Libraries/XMCLib/inc\xmc_gpio.h ****  * WHETHER IN CONTRACT, STRICT LIABILITY,OR TORT (INCLUDING NEGLIGENCE OR OTHERWISE) ARISING IN ANY
  30:C:/Workspaces/DAVE-4.3-64Bit/tmp/Lab03_Ex02/Libraries/XMCLib/inc\xmc_gpio.h ****  * OF THIS SOFTWARE, EVEN IF ADVISED OF THE POSSIBILITY OF SUCH DAMAGE.                            
  31:C:/Workspaces/DAVE-4.3-64Bit/tmp/Lab03_Ex02/Libraries/XMCLib/inc\xmc_gpio.h ****  *                                                                              
  32:C:/Workspaces/DAVE-4.3-64Bit/tmp/Lab03_Ex02/Libraries/XMCLib/inc\xmc_gpio.h ****  * To improve the quality of the software, users are encouraged to share modifications, enhancement
  33:C:/Workspaces/DAVE-4.3-64Bit/tmp/Lab03_Ex02/Libraries/XMCLib/inc\xmc_gpio.h ****  * Infineon Technologies AG dave@infineon.com).                                                    
  34:C:/Workspaces/DAVE-4.3-64Bit/tmp/Lab03_Ex02/Libraries/XMCLib/inc\xmc_gpio.h ****  **************************************************************************************************
  35:C:/Workspaces/DAVE-4.3-64Bit/tmp/Lab03_Ex02/Libraries/XMCLib/inc\xmc_gpio.h ****  *
  36:C:/Workspaces/DAVE-4.3-64Bit/tmp/Lab03_Ex02/Libraries/XMCLib/inc\xmc_gpio.h ****  * Change History
  37:C:/Workspaces/DAVE-4.3-64Bit/tmp/Lab03_Ex02/Libraries/XMCLib/inc\xmc_gpio.h ****  * --------------
  38:C:/Workspaces/DAVE-4.3-64Bit/tmp/Lab03_Ex02/Libraries/XMCLib/inc\xmc_gpio.h ****  *
  39:C:/Workspaces/DAVE-4.3-64Bit/tmp/Lab03_Ex02/Libraries/XMCLib/inc\xmc_gpio.h ****  * 2015-02-20:
  40:C:/Workspaces/DAVE-4.3-64Bit/tmp/Lab03_Ex02/Libraries/XMCLib/inc\xmc_gpio.h ****  *     - Initial draft<br>
  41:C:/Workspaces/DAVE-4.3-64Bit/tmp/Lab03_Ex02/Libraries/XMCLib/inc\xmc_gpio.h ****  *     - Documentation improved <br>
  42:C:/Workspaces/DAVE-4.3-64Bit/tmp/Lab03_Ex02/Libraries/XMCLib/inc\xmc_gpio.h ****  *      
  43:C:/Workspaces/DAVE-4.3-64Bit/tmp/Lab03_Ex02/Libraries/XMCLib/inc\xmc_gpio.h ****  * 2015-06-20:
  44:C:/Workspaces/DAVE-4.3-64Bit/tmp/Lab03_Ex02/Libraries/XMCLib/inc\xmc_gpio.h ****  *     - Removed version macros and declaration of GetDriverVersion API
  45:C:/Workspaces/DAVE-4.3-64Bit/tmp/Lab03_Ex02/Libraries/XMCLib/inc\xmc_gpio.h ****  *
  46:C:/Workspaces/DAVE-4.3-64Bit/tmp/Lab03_Ex02/Libraries/XMCLib/inc\xmc_gpio.h ****  * @endcond
  47:C:/Workspaces/DAVE-4.3-64Bit/tmp/Lab03_Ex02/Libraries/XMCLib/inc\xmc_gpio.h ****  *
  48:C:/Workspaces/DAVE-4.3-64Bit/tmp/Lab03_Ex02/Libraries/XMCLib/inc\xmc_gpio.h ****  */
  49:C:/Workspaces/DAVE-4.3-64Bit/tmp/Lab03_Ex02/Libraries/XMCLib/inc\xmc_gpio.h **** 
  50:C:/Workspaces/DAVE-4.3-64Bit/tmp/Lab03_Ex02/Libraries/XMCLib/inc\xmc_gpio.h **** #ifndef XMC_GPIO_H
  51:C:/Workspaces/DAVE-4.3-64Bit/tmp/Lab03_Ex02/Libraries/XMCLib/inc\xmc_gpio.h **** #define XMC_GPIO_H
  52:C:/Workspaces/DAVE-4.3-64Bit/tmp/Lab03_Ex02/Libraries/XMCLib/inc\xmc_gpio.h **** 
  53:C:/Workspaces/DAVE-4.3-64Bit/tmp/Lab03_Ex02/Libraries/XMCLib/inc\xmc_gpio.h **** /**************************************************************************************************
  54:C:/Workspaces/DAVE-4.3-64Bit/tmp/Lab03_Ex02/Libraries/XMCLib/inc\xmc_gpio.h ****  * HEADER FILES
  55:C:/Workspaces/DAVE-4.3-64Bit/tmp/Lab03_Ex02/Libraries/XMCLib/inc\xmc_gpio.h ****  **************************************************************************************************
  56:C:/Workspaces/DAVE-4.3-64Bit/tmp/Lab03_Ex02/Libraries/XMCLib/inc\xmc_gpio.h **** 
  57:C:/Workspaces/DAVE-4.3-64Bit/tmp/Lab03_Ex02/Libraries/XMCLib/inc\xmc_gpio.h **** #include "xmc_common.h"
  58:C:/Workspaces/DAVE-4.3-64Bit/tmp/Lab03_Ex02/Libraries/XMCLib/inc\xmc_gpio.h **** 
  59:C:/Workspaces/DAVE-4.3-64Bit/tmp/Lab03_Ex02/Libraries/XMCLib/inc\xmc_gpio.h **** /**
  60:C:/Workspaces/DAVE-4.3-64Bit/tmp/Lab03_Ex02/Libraries/XMCLib/inc\xmc_gpio.h ****  * @addtogroup XMClib XMC Peripheral Library
  61:C:/Workspaces/DAVE-4.3-64Bit/tmp/Lab03_Ex02/Libraries/XMCLib/inc\xmc_gpio.h ****  * @{
  62:C:/Workspaces/DAVE-4.3-64Bit/tmp/Lab03_Ex02/Libraries/XMCLib/inc\xmc_gpio.h ****  */
  63:C:/Workspaces/DAVE-4.3-64Bit/tmp/Lab03_Ex02/Libraries/XMCLib/inc\xmc_gpio.h **** 
  64:C:/Workspaces/DAVE-4.3-64Bit/tmp/Lab03_Ex02/Libraries/XMCLib/inc\xmc_gpio.h **** /**
  65:C:/Workspaces/DAVE-4.3-64Bit/tmp/Lab03_Ex02/Libraries/XMCLib/inc\xmc_gpio.h ****  * @addtogroup GPIO
  66:C:/Workspaces/DAVE-4.3-64Bit/tmp/Lab03_Ex02/Libraries/XMCLib/inc\xmc_gpio.h ****  * @brief General Purpose Input Output (GPIO) driver for the XMC microcontroller family.
  67:C:/Workspaces/DAVE-4.3-64Bit/tmp/Lab03_Ex02/Libraries/XMCLib/inc\xmc_gpio.h ****  *
  68:C:/Workspaces/DAVE-4.3-64Bit/tmp/Lab03_Ex02/Libraries/XMCLib/inc\xmc_gpio.h ****  * GPIO driver provide a generic and very flexible software interface for all standard digital I/O 
  69:C:/Workspaces/DAVE-4.3-64Bit/tmp/Lab03_Ex02/Libraries/XMCLib/inc\xmc_gpio.h ****  * Each port slice has individual interfaces for the operation as General Purpose I/O and it furthe
  70:C:/Workspaces/DAVE-4.3-64Bit/tmp/Lab03_Ex02/Libraries/XMCLib/inc\xmc_gpio.h ****  * connectivity to the on-chip periphery and the control for the pad characteristics. 
  71:C:/Workspaces/DAVE-4.3-64Bit/tmp/Lab03_Ex02/Libraries/XMCLib/inc\xmc_gpio.h ****  *
  72:C:/Workspaces/DAVE-4.3-64Bit/tmp/Lab03_Ex02/Libraries/XMCLib/inc\xmc_gpio.h ****  * The driver is divided into Input and Output mode.
  73:C:/Workspaces/DAVE-4.3-64Bit/tmp/Lab03_Ex02/Libraries/XMCLib/inc\xmc_gpio.h ****  *
  74:C:/Workspaces/DAVE-4.3-64Bit/tmp/Lab03_Ex02/Libraries/XMCLib/inc\xmc_gpio.h ****  * Input mode features:
  75:C:/Workspaces/DAVE-4.3-64Bit/tmp/Lab03_Ex02/Libraries/XMCLib/inc\xmc_gpio.h ****  * -# Configuration structure XMC_GPIO_CONFIG_t and initialization function XMC_GPIO_Init()
  76:C:/Workspaces/DAVE-4.3-64Bit/tmp/Lab03_Ex02/Libraries/XMCLib/inc\xmc_gpio.h ****  * -# Allows the selection of weak pull-up or pull-down device. Configuration structure XMC_GPIO_MO
  77:C:/Workspaces/DAVE-4.3-64Bit/tmp/Lab03_Ex02/Libraries/XMCLib/inc\xmc_gpio.h ****  * \if XMC1
  78:C:/Workspaces/DAVE-4.3-64Bit/tmp/Lab03_Ex02/Libraries/XMCLib/inc\xmc_gpio.h ****  * -# Allows the selection of input hysteresis. XMC_GPIO_SetInputHysteresis()
  79:C:/Workspaces/DAVE-4.3-64Bit/tmp/Lab03_Ex02/Libraries/XMCLib/inc\xmc_gpio.h ****  * \endif
  80:C:/Workspaces/DAVE-4.3-64Bit/tmp/Lab03_Ex02/Libraries/XMCLib/inc\xmc_gpio.h ****  *
  81:C:/Workspaces/DAVE-4.3-64Bit/tmp/Lab03_Ex02/Libraries/XMCLib/inc\xmc_gpio.h ****  * 
  82:C:/Workspaces/DAVE-4.3-64Bit/tmp/Lab03_Ex02/Libraries/XMCLib/inc\xmc_gpio.h ****  * Output mode features:
  83:C:/Workspaces/DAVE-4.3-64Bit/tmp/Lab03_Ex02/Libraries/XMCLib/inc\xmc_gpio.h ****  * -# Allows the selection of push pull/open drain and Alternate output. Configuration structure XM
  84:C:/Workspaces/DAVE-4.3-64Bit/tmp/Lab03_Ex02/Libraries/XMCLib/inc\xmc_gpio.h ****  * \if XMC4
  85:C:/Workspaces/DAVE-4.3-64Bit/tmp/Lab03_Ex02/Libraries/XMCLib/inc\xmc_gpio.h ****  * -# Allows the selection of pad driver strength. Configuration structure XMC_GPIO_OUTPUT_STRENGTH
  86:C:/Workspaces/DAVE-4.3-64Bit/tmp/Lab03_Ex02/Libraries/XMCLib/inc\xmc_gpio.h ****  * \endif
  87:C:/Workspaces/DAVE-4.3-64Bit/tmp/Lab03_Ex02/Libraries/XMCLib/inc\xmc_gpio.h ****  *
  88:C:/Workspaces/DAVE-4.3-64Bit/tmp/Lab03_Ex02/Libraries/XMCLib/inc\xmc_gpio.h ****  * -# Allows the selection of initial output level. Configuration structure XMC_GPIO_OUTPUT_LEVEL_t
  89:C:/Workspaces/DAVE-4.3-64Bit/tmp/Lab03_Ex02/Libraries/XMCLib/inc\xmc_gpio.h ****  *
  90:C:/Workspaces/DAVE-4.3-64Bit/tmp/Lab03_Ex02/Libraries/XMCLib/inc\xmc_gpio.h ****  *@{
  91:C:/Workspaces/DAVE-4.3-64Bit/tmp/Lab03_Ex02/Libraries/XMCLib/inc\xmc_gpio.h ****  */
  92:C:/Workspaces/DAVE-4.3-64Bit/tmp/Lab03_Ex02/Libraries/XMCLib/inc\xmc_gpio.h ****  
  93:C:/Workspaces/DAVE-4.3-64Bit/tmp/Lab03_Ex02/Libraries/XMCLib/inc\xmc_gpio.h **** /**************************************************************************************************
  94:C:/Workspaces/DAVE-4.3-64Bit/tmp/Lab03_Ex02/Libraries/XMCLib/inc\xmc_gpio.h ****  * MACROS
  95:C:/Workspaces/DAVE-4.3-64Bit/tmp/Lab03_Ex02/Libraries/XMCLib/inc\xmc_gpio.h ****  **************************************************************************************************
  96:C:/Workspaces/DAVE-4.3-64Bit/tmp/Lab03_Ex02/Libraries/XMCLib/inc\xmc_gpio.h **** 
  97:C:/Workspaces/DAVE-4.3-64Bit/tmp/Lab03_Ex02/Libraries/XMCLib/inc\xmc_gpio.h **** #define PORT_IOCR_PC_Pos PORT0_IOCR0_PC0_Pos
  98:C:/Workspaces/DAVE-4.3-64Bit/tmp/Lab03_Ex02/Libraries/XMCLib/inc\xmc_gpio.h **** #define PORT_IOCR_PC_Msk PORT0_IOCR0_PC0_Msk
  99:C:/Workspaces/DAVE-4.3-64Bit/tmp/Lab03_Ex02/Libraries/XMCLib/inc\xmc_gpio.h **** 
 100:C:/Workspaces/DAVE-4.3-64Bit/tmp/Lab03_Ex02/Libraries/XMCLib/inc\xmc_gpio.h **** #define PORT_IOCR_PC_Size 				(8U)
 101:C:/Workspaces/DAVE-4.3-64Bit/tmp/Lab03_Ex02/Libraries/XMCLib/inc\xmc_gpio.h **** 											
 102:C:/Workspaces/DAVE-4.3-64Bit/tmp/Lab03_Ex02/Libraries/XMCLib/inc\xmc_gpio.h **** 
 103:C:/Workspaces/DAVE-4.3-64Bit/tmp/Lab03_Ex02/Libraries/XMCLib/inc\xmc_gpio.h **** #define XMC_GPIO_CHECK_OUTPUT_LEVEL(level) ((level == XMC_GPIO_OUTPUT_LEVEL_LOW) || \
 104:C:/Workspaces/DAVE-4.3-64Bit/tmp/Lab03_Ex02/Libraries/XMCLib/inc\xmc_gpio.h ****                                             (level == XMC_GPIO_OUTPUT_LEVEL_HIGH))
 105:C:/Workspaces/DAVE-4.3-64Bit/tmp/Lab03_Ex02/Libraries/XMCLib/inc\xmc_gpio.h ****                                             
 106:C:/Workspaces/DAVE-4.3-64Bit/tmp/Lab03_Ex02/Libraries/XMCLib/inc\xmc_gpio.h **** #define XMC_GPIO_CHECK_HWCTRL(hwctrl) ((hwctrl == XMC_GPIO_HWCTRL_DISABLED) || \
 107:C:/Workspaces/DAVE-4.3-64Bit/tmp/Lab03_Ex02/Libraries/XMCLib/inc\xmc_gpio.h ****                                        (hwctrl == XMC_GPIO_HWCTRL_PERIPHERAL1) || \
 108:C:/Workspaces/DAVE-4.3-64Bit/tmp/Lab03_Ex02/Libraries/XMCLib/inc\xmc_gpio.h ****                                        (hwctrl == XMC_GPIO_HWCTRL_PERIPHERAL2))                    
 109:C:/Workspaces/DAVE-4.3-64Bit/tmp/Lab03_Ex02/Libraries/XMCLib/inc\xmc_gpio.h ****                                             
 110:C:/Workspaces/DAVE-4.3-64Bit/tmp/Lab03_Ex02/Libraries/XMCLib/inc\xmc_gpio.h **** /**************************************************************************************************
 111:C:/Workspaces/DAVE-4.3-64Bit/tmp/Lab03_Ex02/Libraries/XMCLib/inc\xmc_gpio.h ****  * ENUMS
 112:C:/Workspaces/DAVE-4.3-64Bit/tmp/Lab03_Ex02/Libraries/XMCLib/inc\xmc_gpio.h ****  **************************************************************************************************
 113:C:/Workspaces/DAVE-4.3-64Bit/tmp/Lab03_Ex02/Libraries/XMCLib/inc\xmc_gpio.h **** 
 114:C:/Workspaces/DAVE-4.3-64Bit/tmp/Lab03_Ex02/Libraries/XMCLib/inc\xmc_gpio.h **** 
 115:C:/Workspaces/DAVE-4.3-64Bit/tmp/Lab03_Ex02/Libraries/XMCLib/inc\xmc_gpio.h **** /**
 116:C:/Workspaces/DAVE-4.3-64Bit/tmp/Lab03_Ex02/Libraries/XMCLib/inc\xmc_gpio.h ****  * Defines output level of a pin. Use type \a XMC_GPIO_OUTPUT_LEVEL_t for this enum.
 117:C:/Workspaces/DAVE-4.3-64Bit/tmp/Lab03_Ex02/Libraries/XMCLib/inc\xmc_gpio.h ****  */
 118:C:/Workspaces/DAVE-4.3-64Bit/tmp/Lab03_Ex02/Libraries/XMCLib/inc\xmc_gpio.h **** typedef enum XMC_GPIO_OUTPUT_LEVEL
 119:C:/Workspaces/DAVE-4.3-64Bit/tmp/Lab03_Ex02/Libraries/XMCLib/inc\xmc_gpio.h **** {
 120:C:/Workspaces/DAVE-4.3-64Bit/tmp/Lab03_Ex02/Libraries/XMCLib/inc\xmc_gpio.h ****   XMC_GPIO_OUTPUT_LEVEL_LOW  = 0x10000U, /**<  Reset bit */
 121:C:/Workspaces/DAVE-4.3-64Bit/tmp/Lab03_Ex02/Libraries/XMCLib/inc\xmc_gpio.h ****   XMC_GPIO_OUTPUT_LEVEL_HIGH = 0x1U, 	/**< Set bit  */
 122:C:/Workspaces/DAVE-4.3-64Bit/tmp/Lab03_Ex02/Libraries/XMCLib/inc\xmc_gpio.h **** } XMC_GPIO_OUTPUT_LEVEL_t;
 123:C:/Workspaces/DAVE-4.3-64Bit/tmp/Lab03_Ex02/Libraries/XMCLib/inc\xmc_gpio.h **** 
 124:C:/Workspaces/DAVE-4.3-64Bit/tmp/Lab03_Ex02/Libraries/XMCLib/inc\xmc_gpio.h **** /**
 125:C:/Workspaces/DAVE-4.3-64Bit/tmp/Lab03_Ex02/Libraries/XMCLib/inc\xmc_gpio.h ****  * Defines direct hardware control characteristics of the pin . Use type \a XMC_GPIO_HWCTRL_t for t
 126:C:/Workspaces/DAVE-4.3-64Bit/tmp/Lab03_Ex02/Libraries/XMCLib/inc\xmc_gpio.h ****  */
 127:C:/Workspaces/DAVE-4.3-64Bit/tmp/Lab03_Ex02/Libraries/XMCLib/inc\xmc_gpio.h **** typedef enum XMC_GPIO_HWCTRL
 128:C:/Workspaces/DAVE-4.3-64Bit/tmp/Lab03_Ex02/Libraries/XMCLib/inc\xmc_gpio.h **** {
 129:C:/Workspaces/DAVE-4.3-64Bit/tmp/Lab03_Ex02/Libraries/XMCLib/inc\xmc_gpio.h ****   XMC_GPIO_HWCTRL_DISABLED     = 0x0U, /**<  Software control only */
 130:C:/Workspaces/DAVE-4.3-64Bit/tmp/Lab03_Ex02/Libraries/XMCLib/inc\xmc_gpio.h ****   XMC_GPIO_HWCTRL_PERIPHERAL1  = 0x1U, /**<  HWI0/HWO0 control path can override the software confi
 131:C:/Workspaces/DAVE-4.3-64Bit/tmp/Lab03_Ex02/Libraries/XMCLib/inc\xmc_gpio.h ****   XMC_GPIO_HWCTRL_PERIPHERAL2  = 0x2U  /**<  HWI1/HWO1 control path can override the software confi
 132:C:/Workspaces/DAVE-4.3-64Bit/tmp/Lab03_Ex02/Libraries/XMCLib/inc\xmc_gpio.h **** } XMC_GPIO_HWCTRL_t;
 133:C:/Workspaces/DAVE-4.3-64Bit/tmp/Lab03_Ex02/Libraries/XMCLib/inc\xmc_gpio.h **** 
 134:C:/Workspaces/DAVE-4.3-64Bit/tmp/Lab03_Ex02/Libraries/XMCLib/inc\xmc_gpio.h **** /**************************************************************************************************
 135:C:/Workspaces/DAVE-4.3-64Bit/tmp/Lab03_Ex02/Libraries/XMCLib/inc\xmc_gpio.h ****  * DEVICE FAMILY EXTENSIONS
 136:C:/Workspaces/DAVE-4.3-64Bit/tmp/Lab03_Ex02/Libraries/XMCLib/inc\xmc_gpio.h ****  **************************************************************************************************
 137:C:/Workspaces/DAVE-4.3-64Bit/tmp/Lab03_Ex02/Libraries/XMCLib/inc\xmc_gpio.h **** 
 138:C:/Workspaces/DAVE-4.3-64Bit/tmp/Lab03_Ex02/Libraries/XMCLib/inc\xmc_gpio.h ****  #if UC_FAMILY == XMC1
 139:C:/Workspaces/DAVE-4.3-64Bit/tmp/Lab03_Ex02/Libraries/XMCLib/inc\xmc_gpio.h **** #include "xmc1_gpio.h"
 140:C:/Workspaces/DAVE-4.3-64Bit/tmp/Lab03_Ex02/Libraries/XMCLib/inc\xmc_gpio.h **** #elif UC_FAMILY == XMC4
 141:C:/Workspaces/DAVE-4.3-64Bit/tmp/Lab03_Ex02/Libraries/XMCLib/inc\xmc_gpio.h **** #include "xmc4_gpio.h"
 142:C:/Workspaces/DAVE-4.3-64Bit/tmp/Lab03_Ex02/Libraries/XMCLib/inc\xmc_gpio.h **** #else
 143:C:/Workspaces/DAVE-4.3-64Bit/tmp/Lab03_Ex02/Libraries/XMCLib/inc\xmc_gpio.h **** #error "xmc_gpio.h: family device not supported"
 144:C:/Workspaces/DAVE-4.3-64Bit/tmp/Lab03_Ex02/Libraries/XMCLib/inc\xmc_gpio.h **** #endif
 145:C:/Workspaces/DAVE-4.3-64Bit/tmp/Lab03_Ex02/Libraries/XMCLib/inc\xmc_gpio.h **** 
 146:C:/Workspaces/DAVE-4.3-64Bit/tmp/Lab03_Ex02/Libraries/XMCLib/inc\xmc_gpio.h **** /**************************************************************************************************
 147:C:/Workspaces/DAVE-4.3-64Bit/tmp/Lab03_Ex02/Libraries/XMCLib/inc\xmc_gpio.h ****  * API PROTOTYPES
 148:C:/Workspaces/DAVE-4.3-64Bit/tmp/Lab03_Ex02/Libraries/XMCLib/inc\xmc_gpio.h ****  **************************************************************************************************
 149:C:/Workspaces/DAVE-4.3-64Bit/tmp/Lab03_Ex02/Libraries/XMCLib/inc\xmc_gpio.h **** 
 150:C:/Workspaces/DAVE-4.3-64Bit/tmp/Lab03_Ex02/Libraries/XMCLib/inc\xmc_gpio.h **** #ifdef __cplusplus
 151:C:/Workspaces/DAVE-4.3-64Bit/tmp/Lab03_Ex02/Libraries/XMCLib/inc\xmc_gpio.h **** extern "C" {
 152:C:/Workspaces/DAVE-4.3-64Bit/tmp/Lab03_Ex02/Libraries/XMCLib/inc\xmc_gpio.h **** #endif
 153:C:/Workspaces/DAVE-4.3-64Bit/tmp/Lab03_Ex02/Libraries/XMCLib/inc\xmc_gpio.h **** 
 154:C:/Workspaces/DAVE-4.3-64Bit/tmp/Lab03_Ex02/Libraries/XMCLib/inc\xmc_gpio.h **** 
 155:C:/Workspaces/DAVE-4.3-64Bit/tmp/Lab03_Ex02/Libraries/XMCLib/inc\xmc_gpio.h **** /**
 156:C:/Workspaces/DAVE-4.3-64Bit/tmp/Lab03_Ex02/Libraries/XMCLib/inc\xmc_gpio.h ****  * @param  port	  Constant pointer pointing to GPIO port, to access port registers like Pn_OUT,Pn_O
 157:C:/Workspaces/DAVE-4.3-64Bit/tmp/Lab03_Ex02/Libraries/XMCLib/inc\xmc_gpio.h ****  * @param  pin	  Port pin number.
 158:C:/Workspaces/DAVE-4.3-64Bit/tmp/Lab03_Ex02/Libraries/XMCLib/inc\xmc_gpio.h ****  * @param  config GPIO configuration data structure. Refer data structure @ref XMC_GPIO_CONFIG_t fo
 159:C:/Workspaces/DAVE-4.3-64Bit/tmp/Lab03_Ex02/Libraries/XMCLib/inc\xmc_gpio.h ****  *
 160:C:/Workspaces/DAVE-4.3-64Bit/tmp/Lab03_Ex02/Libraries/XMCLib/inc\xmc_gpio.h ****  * @return None
 161:C:/Workspaces/DAVE-4.3-64Bit/tmp/Lab03_Ex02/Libraries/XMCLib/inc\xmc_gpio.h ****  *
 162:C:/Workspaces/DAVE-4.3-64Bit/tmp/Lab03_Ex02/Libraries/XMCLib/inc\xmc_gpio.h ****  * \par<b>Description:</b><br>
 163:C:/Workspaces/DAVE-4.3-64Bit/tmp/Lab03_Ex02/Libraries/XMCLib/inc\xmc_gpio.h ****  * \if XMC1
 164:C:/Workspaces/DAVE-4.3-64Bit/tmp/Lab03_Ex02/Libraries/XMCLib/inc\xmc_gpio.h ****  * Initializes input / output mode settings like, pull up / pull down devices,hysteresis, push pull
 165:C:/Workspaces/DAVE-4.3-64Bit/tmp/Lab03_Ex02/Libraries/XMCLib/inc\xmc_gpio.h ****  * Also configures alternate function outputs and clears hardware port control for a selected \a po
 166:C:/Workspaces/DAVE-4.3-64Bit/tmp/Lab03_Ex02/Libraries/XMCLib/inc\xmc_gpio.h ****  * \a config provides selected I/O settings. It configures hardware registers Pn_IOCR,Pn_OUT, Pn_OM
 167:C:/Workspaces/DAVE-4.3-64Bit/tmp/Lab03_Ex02/Libraries/XMCLib/inc\xmc_gpio.h ****  * \endif
 168:C:/Workspaces/DAVE-4.3-64Bit/tmp/Lab03_Ex02/Libraries/XMCLib/inc\xmc_gpio.h ****  * \if XMC4
 169:C:/Workspaces/DAVE-4.3-64Bit/tmp/Lab03_Ex02/Libraries/XMCLib/inc\xmc_gpio.h ****  * Initializes input / output mode settings like, pull up / pull down devices,push pull /open drain
 170:C:/Workspaces/DAVE-4.3-64Bit/tmp/Lab03_Ex02/Libraries/XMCLib/inc\xmc_gpio.h ****  * Also configures alternate function outputs and clears hardware port control for selected \a port
 171:C:/Workspaces/DAVE-4.3-64Bit/tmp/Lab03_Ex02/Libraries/XMCLib/inc\xmc_gpio.h ****  * It configures hardware registers Pn_IOCR,Pn_OUT,Pn_OMR,Pn_PDISC and Pn_PDR.\n
 172:C:/Workspaces/DAVE-4.3-64Bit/tmp/Lab03_Ex02/Libraries/XMCLib/inc\xmc_gpio.h ****  * \endif
 173:C:/Workspaces/DAVE-4.3-64Bit/tmp/Lab03_Ex02/Libraries/XMCLib/inc\xmc_gpio.h ****  *
 174:C:/Workspaces/DAVE-4.3-64Bit/tmp/Lab03_Ex02/Libraries/XMCLib/inc\xmc_gpio.h ****  * \par<b>Related APIs:</b><BR>
 175:C:/Workspaces/DAVE-4.3-64Bit/tmp/Lab03_Ex02/Libraries/XMCLib/inc\xmc_gpio.h ****  *  None
 176:C:/Workspaces/DAVE-4.3-64Bit/tmp/Lab03_Ex02/Libraries/XMCLib/inc\xmc_gpio.h ****  *
 177:C:/Workspaces/DAVE-4.3-64Bit/tmp/Lab03_Ex02/Libraries/XMCLib/inc\xmc_gpio.h ****  * \par<b>Note:</b><br>
 178:C:/Workspaces/DAVE-4.3-64Bit/tmp/Lab03_Ex02/Libraries/XMCLib/inc\xmc_gpio.h ****  * This API is called in definition of DAVE_init by code generation and therefore should not be exp
 179:C:/Workspaces/DAVE-4.3-64Bit/tmp/Lab03_Ex02/Libraries/XMCLib/inc\xmc_gpio.h ****  * for the normal operation. Use other APIs only after DAVE_init is called successfully (returns DA
 180:C:/Workspaces/DAVE-4.3-64Bit/tmp/Lab03_Ex02/Libraries/XMCLib/inc\xmc_gpio.h ****  *
 181:C:/Workspaces/DAVE-4.3-64Bit/tmp/Lab03_Ex02/Libraries/XMCLib/inc\xmc_gpio.h ****  *
 182:C:/Workspaces/DAVE-4.3-64Bit/tmp/Lab03_Ex02/Libraries/XMCLib/inc\xmc_gpio.h ****  */
 183:C:/Workspaces/DAVE-4.3-64Bit/tmp/Lab03_Ex02/Libraries/XMCLib/inc\xmc_gpio.h **** 
 184:C:/Workspaces/DAVE-4.3-64Bit/tmp/Lab03_Ex02/Libraries/XMCLib/inc\xmc_gpio.h ****  
 185:C:/Workspaces/DAVE-4.3-64Bit/tmp/Lab03_Ex02/Libraries/XMCLib/inc\xmc_gpio.h **** void XMC_GPIO_Init(XMC_GPIO_PORT_t *const port, const uint8_t pin, const XMC_GPIO_CONFIG_t *const c
 186:C:/Workspaces/DAVE-4.3-64Bit/tmp/Lab03_Ex02/Libraries/XMCLib/inc\xmc_gpio.h ****  
 187:C:/Workspaces/DAVE-4.3-64Bit/tmp/Lab03_Ex02/Libraries/XMCLib/inc\xmc_gpio.h **** /**
 188:C:/Workspaces/DAVE-4.3-64Bit/tmp/Lab03_Ex02/Libraries/XMCLib/inc\xmc_gpio.h ****  *
 189:C:/Workspaces/DAVE-4.3-64Bit/tmp/Lab03_Ex02/Libraries/XMCLib/inc\xmc_gpio.h ****  * @param  port	Constant pointer pointing to GPIO port, to access hardware register Pn_IOCR.
 190:C:/Workspaces/DAVE-4.3-64Bit/tmp/Lab03_Ex02/Libraries/XMCLib/inc\xmc_gpio.h ****  * @param  pin	Port pin number.
 191:C:/Workspaces/DAVE-4.3-64Bit/tmp/Lab03_Ex02/Libraries/XMCLib/inc\xmc_gpio.h ****  * @param  mode input / output functionality selection. Refer @ref XMC_GPIO_MODE_t for valid values
 192:C:/Workspaces/DAVE-4.3-64Bit/tmp/Lab03_Ex02/Libraries/XMCLib/inc\xmc_gpio.h ****  *
 193:C:/Workspaces/DAVE-4.3-64Bit/tmp/Lab03_Ex02/Libraries/XMCLib/inc\xmc_gpio.h ****  * @return None
 194:C:/Workspaces/DAVE-4.3-64Bit/tmp/Lab03_Ex02/Libraries/XMCLib/inc\xmc_gpio.h ****  *
 195:C:/Workspaces/DAVE-4.3-64Bit/tmp/Lab03_Ex02/Libraries/XMCLib/inc\xmc_gpio.h ****  * \par<b>Description:</b><br>
 196:C:/Workspaces/DAVE-4.3-64Bit/tmp/Lab03_Ex02/Libraries/XMCLib/inc\xmc_gpio.h ****  * Sets digital input and output driver functionality and characteristics of a GPIO port pin. It co
 197:C:/Workspaces/DAVE-4.3-64Bit/tmp/Lab03_Ex02/Libraries/XMCLib/inc\xmc_gpio.h ****  * registers Pn_IOCR. \a mode is initially configured during initialization in XMC_GPIO_Init(). Cal
 198:C:/Workspaces/DAVE-4.3-64Bit/tmp/Lab03_Ex02/Libraries/XMCLib/inc\xmc_gpio.h ****  * the port direction functionality as needed later in the program.
 199:C:/Workspaces/DAVE-4.3-64Bit/tmp/Lab03_Ex02/Libraries/XMCLib/inc\xmc_gpio.h ****  *
 200:C:/Workspaces/DAVE-4.3-64Bit/tmp/Lab03_Ex02/Libraries/XMCLib/inc\xmc_gpio.h ****  * \par<b>Related APIs:</b><BR>
 201:C:/Workspaces/DAVE-4.3-64Bit/tmp/Lab03_Ex02/Libraries/XMCLib/inc\xmc_gpio.h ****  *  None
 202:C:/Workspaces/DAVE-4.3-64Bit/tmp/Lab03_Ex02/Libraries/XMCLib/inc\xmc_gpio.h ****  *
 203:C:/Workspaces/DAVE-4.3-64Bit/tmp/Lab03_Ex02/Libraries/XMCLib/inc\xmc_gpio.h ****  */
 204:C:/Workspaces/DAVE-4.3-64Bit/tmp/Lab03_Ex02/Libraries/XMCLib/inc\xmc_gpio.h **** 
 205:C:/Workspaces/DAVE-4.3-64Bit/tmp/Lab03_Ex02/Libraries/XMCLib/inc\xmc_gpio.h **** void XMC_GPIO_SetMode(XMC_GPIO_PORT_t *const port, const uint8_t pin, const XMC_GPIO_MODE_t mode);
 206:C:/Workspaces/DAVE-4.3-64Bit/tmp/Lab03_Ex02/Libraries/XMCLib/inc\xmc_gpio.h **** 
 207:C:/Workspaces/DAVE-4.3-64Bit/tmp/Lab03_Ex02/Libraries/XMCLib/inc\xmc_gpio.h **** 
 208:C:/Workspaces/DAVE-4.3-64Bit/tmp/Lab03_Ex02/Libraries/XMCLib/inc\xmc_gpio.h **** /**
 209:C:/Workspaces/DAVE-4.3-64Bit/tmp/Lab03_Ex02/Libraries/XMCLib/inc\xmc_gpio.h ****  *
 210:C:/Workspaces/DAVE-4.3-64Bit/tmp/Lab03_Ex02/Libraries/XMCLib/inc\xmc_gpio.h ****  * @param  port	 Constant pointer pointing to GPIO port, to access hardware register Pn_OMR.
 211:C:/Workspaces/DAVE-4.3-64Bit/tmp/Lab03_Ex02/Libraries/XMCLib/inc\xmc_gpio.h ****  * @param  pin	 Port pin number.
 212:C:/Workspaces/DAVE-4.3-64Bit/tmp/Lab03_Ex02/Libraries/XMCLib/inc\xmc_gpio.h ****  * @param  level output level selection. Refer @ref XMC_GPIO_OUTPUT_LEVEL_t for valid values.
 213:C:/Workspaces/DAVE-4.3-64Bit/tmp/Lab03_Ex02/Libraries/XMCLib/inc\xmc_gpio.h ****  *
 214:C:/Workspaces/DAVE-4.3-64Bit/tmp/Lab03_Ex02/Libraries/XMCLib/inc\xmc_gpio.h ****  * @return None
 215:C:/Workspaces/DAVE-4.3-64Bit/tmp/Lab03_Ex02/Libraries/XMCLib/inc\xmc_gpio.h ****  *
 216:C:/Workspaces/DAVE-4.3-64Bit/tmp/Lab03_Ex02/Libraries/XMCLib/inc\xmc_gpio.h ****  * \par<b>Description:</b><br>
 217:C:/Workspaces/DAVE-4.3-64Bit/tmp/Lab03_Ex02/Libraries/XMCLib/inc\xmc_gpio.h ****  * Set port pin output level to high or low.It configures hardware registers Pn_OMR.\a level is ini
 218:C:/Workspaces/DAVE-4.3-64Bit/tmp/Lab03_Ex02/Libraries/XMCLib/inc\xmc_gpio.h ****  * configured during initialization in XMC_GPIO_Init(). Call this API to alter output level as need
 219:C:/Workspaces/DAVE-4.3-64Bit/tmp/Lab03_Ex02/Libraries/XMCLib/inc\xmc_gpio.h ****  *
 220:C:/Workspaces/DAVE-4.3-64Bit/tmp/Lab03_Ex02/Libraries/XMCLib/inc\xmc_gpio.h ****  * \par<b>Related APIs:</b><BR>
 221:C:/Workspaces/DAVE-4.3-64Bit/tmp/Lab03_Ex02/Libraries/XMCLib/inc\xmc_gpio.h ****  *  XMC_GPIO_SetOutputHigh(), XMC_GPIO_SetOutputLow().
 222:C:/Workspaces/DAVE-4.3-64Bit/tmp/Lab03_Ex02/Libraries/XMCLib/inc\xmc_gpio.h ****  *
 223:C:/Workspaces/DAVE-4.3-64Bit/tmp/Lab03_Ex02/Libraries/XMCLib/inc\xmc_gpio.h ****  * \par<b>Note:</b><br>
 224:C:/Workspaces/DAVE-4.3-64Bit/tmp/Lab03_Ex02/Libraries/XMCLib/inc\xmc_gpio.h ****  * Prior to this api, user has to configure port pin to output mode using XMC_GPIO_SetMode().
 225:C:/Workspaces/DAVE-4.3-64Bit/tmp/Lab03_Ex02/Libraries/XMCLib/inc\xmc_gpio.h ****  *
 226:C:/Workspaces/DAVE-4.3-64Bit/tmp/Lab03_Ex02/Libraries/XMCLib/inc\xmc_gpio.h ****  */
 227:C:/Workspaces/DAVE-4.3-64Bit/tmp/Lab03_Ex02/Libraries/XMCLib/inc\xmc_gpio.h **** 
 228:C:/Workspaces/DAVE-4.3-64Bit/tmp/Lab03_Ex02/Libraries/XMCLib/inc\xmc_gpio.h **** 
 229:C:/Workspaces/DAVE-4.3-64Bit/tmp/Lab03_Ex02/Libraries/XMCLib/inc\xmc_gpio.h **** __STATIC_INLINE void XMC_GPIO_SetOutputLevel(XMC_GPIO_PORT_t *const port, const uint8_t pin, const 
 230:C:/Workspaces/DAVE-4.3-64Bit/tmp/Lab03_Ex02/Libraries/XMCLib/inc\xmc_gpio.h **** {
 231:C:/Workspaces/DAVE-4.3-64Bit/tmp/Lab03_Ex02/Libraries/XMCLib/inc\xmc_gpio.h ****   XMC_ASSERT("XMC_GPIO_SetOutputLevel: Invalid port", XMC_GPIO_CHECK_OUTPUT_PORT(port));
 232:C:/Workspaces/DAVE-4.3-64Bit/tmp/Lab03_Ex02/Libraries/XMCLib/inc\xmc_gpio.h ****   XMC_ASSERT("XMC_GPIO_SetOutputLevel: Invalid output level", XMC_GPIO_CHECK_OUTPUT_LEVEL(level));
 233:C:/Workspaces/DAVE-4.3-64Bit/tmp/Lab03_Ex02/Libraries/XMCLib/inc\xmc_gpio.h ****   
 234:C:/Workspaces/DAVE-4.3-64Bit/tmp/Lab03_Ex02/Libraries/XMCLib/inc\xmc_gpio.h ****   port->OMR = (uint32_t)level << pin;
 235:C:/Workspaces/DAVE-4.3-64Bit/tmp/Lab03_Ex02/Libraries/XMCLib/inc\xmc_gpio.h **** }
 236:C:/Workspaces/DAVE-4.3-64Bit/tmp/Lab03_Ex02/Libraries/XMCLib/inc\xmc_gpio.h **** 
 237:C:/Workspaces/DAVE-4.3-64Bit/tmp/Lab03_Ex02/Libraries/XMCLib/inc\xmc_gpio.h **** 
 238:C:/Workspaces/DAVE-4.3-64Bit/tmp/Lab03_Ex02/Libraries/XMCLib/inc\xmc_gpio.h **** /**
 239:C:/Workspaces/DAVE-4.3-64Bit/tmp/Lab03_Ex02/Libraries/XMCLib/inc\xmc_gpio.h ****  * @param  port constant pointer pointing to GPIO port, to access hardware register Pn_OMR.
 240:C:/Workspaces/DAVE-4.3-64Bit/tmp/Lab03_Ex02/Libraries/XMCLib/inc\xmc_gpio.h ****  * @param  pin	Port pin number.
 241:C:/Workspaces/DAVE-4.3-64Bit/tmp/Lab03_Ex02/Libraries/XMCLib/inc\xmc_gpio.h ****  *
 242:C:/Workspaces/DAVE-4.3-64Bit/tmp/Lab03_Ex02/Libraries/XMCLib/inc\xmc_gpio.h ****  * @return None
 243:C:/Workspaces/DAVE-4.3-64Bit/tmp/Lab03_Ex02/Libraries/XMCLib/inc\xmc_gpio.h ****  *
 244:C:/Workspaces/DAVE-4.3-64Bit/tmp/Lab03_Ex02/Libraries/XMCLib/inc\xmc_gpio.h ****  * \par<b>Description:</b><br>
 245:C:/Workspaces/DAVE-4.3-64Bit/tmp/Lab03_Ex02/Libraries/XMCLib/inc\xmc_gpio.h ****  *  Sets port pin output to high. It configures hardware registers Pn_OMR.
 246:C:/Workspaces/DAVE-4.3-64Bit/tmp/Lab03_Ex02/Libraries/XMCLib/inc\xmc_gpio.h ****  *
 247:C:/Workspaces/DAVE-4.3-64Bit/tmp/Lab03_Ex02/Libraries/XMCLib/inc\xmc_gpio.h ****  *  \par<b>Related APIs:</b><BR>
 248:C:/Workspaces/DAVE-4.3-64Bit/tmp/Lab03_Ex02/Libraries/XMCLib/inc\xmc_gpio.h ****  *  XMC_GPIO_SetOutputLow()
 249:C:/Workspaces/DAVE-4.3-64Bit/tmp/Lab03_Ex02/Libraries/XMCLib/inc\xmc_gpio.h ****  *
 250:C:/Workspaces/DAVE-4.3-64Bit/tmp/Lab03_Ex02/Libraries/XMCLib/inc\xmc_gpio.h ****  * \par<b>Note:</b><br>
 251:C:/Workspaces/DAVE-4.3-64Bit/tmp/Lab03_Ex02/Libraries/XMCLib/inc\xmc_gpio.h ****  * Prior to this api, user has to configure port pin to output mode using XMC_GPIO_SetMode().\n
 252:C:/Workspaces/DAVE-4.3-64Bit/tmp/Lab03_Ex02/Libraries/XMCLib/inc\xmc_gpio.h ****  * Register Pn_OMR is virtual and does not contain any flip-flop. A read action delivers the value 
 253:C:/Workspaces/DAVE-4.3-64Bit/tmp/Lab03_Ex02/Libraries/XMCLib/inc\xmc_gpio.h ****  *
 254:C:/Workspaces/DAVE-4.3-64Bit/tmp/Lab03_Ex02/Libraries/XMCLib/inc\xmc_gpio.h ****  */
 255:C:/Workspaces/DAVE-4.3-64Bit/tmp/Lab03_Ex02/Libraries/XMCLib/inc\xmc_gpio.h **** 
 256:C:/Workspaces/DAVE-4.3-64Bit/tmp/Lab03_Ex02/Libraries/XMCLib/inc\xmc_gpio.h **** __STATIC_INLINE void XMC_GPIO_SetOutputHigh(XMC_GPIO_PORT_t *const port, const uint8_t pin)
 257:C:/Workspaces/DAVE-4.3-64Bit/tmp/Lab03_Ex02/Libraries/XMCLib/inc\xmc_gpio.h **** {
  27              	 .loc 1 257 0
  28              	 .cfi_startproc
  29              	 
  30              	 
  31              	 
  32 0000 80B4     	 push {r7}
  33              	.LCFI0:
  34              	 .cfi_def_cfa_offset 4
  35              	 .cfi_offset 7,-4
  36 0002 83B0     	 sub sp,sp,#12
  37              	.LCFI1:
  38              	 .cfi_def_cfa_offset 16
  39 0004 00AF     	 add r7,sp,#0
  40              	.LCFI2:
  41              	 .cfi_def_cfa_register 7
  42 0006 7860     	 str r0,[r7,#4]
  43 0008 0B46     	 mov r3,r1
  44 000a FB70     	 strb r3,[r7,#3]
 258:C:/Workspaces/DAVE-4.3-64Bit/tmp/Lab03_Ex02/Libraries/XMCLib/inc\xmc_gpio.h ****   XMC_ASSERT("XMC_GPIO_SetOutputHigh: Invalid port", XMC_GPIO_CHECK_OUTPUT_PORT(port));
 259:C:/Workspaces/DAVE-4.3-64Bit/tmp/Lab03_Ex02/Libraries/XMCLib/inc\xmc_gpio.h **** 
 260:C:/Workspaces/DAVE-4.3-64Bit/tmp/Lab03_Ex02/Libraries/XMCLib/inc\xmc_gpio.h ****   port->OMR = (uint32_t)0x1U << pin;
  45              	 .loc 1 260 0
  46 000c FB78     	 ldrb r3,[r7,#3]
  47 000e 0122     	 movs r2,#1
  48 0010 9A40     	 lsls r2,r2,r3
  49 0012 7B68     	 ldr r3,[r7,#4]
  50 0014 5A60     	 str r2,[r3,#4]
 261:C:/Workspaces/DAVE-4.3-64Bit/tmp/Lab03_Ex02/Libraries/XMCLib/inc\xmc_gpio.h **** }
  51              	 .loc 1 261 0
  52 0016 0C37     	 adds r7,r7,#12
  53              	.LCFI3:
  54              	 .cfi_def_cfa_offset 4
  55 0018 BD46     	 mov sp,r7
  56              	.LCFI4:
  57              	 .cfi_def_cfa_register 13
  58              	 
  59 001a 5DF8047B 	 ldr r7,[sp],#4
  60              	.LCFI5:
  61              	 .cfi_restore 7
  62              	 .cfi_def_cfa_offset 0
  63 001e 7047     	 bx lr
  64              	 .cfi_endproc
  65              	.LFE164:
  67              	 .section .text.XMC_GPIO_SetOutputLow,"ax",%progbits
  68              	 .align 2
  69              	 .thumb
  70              	 .thumb_func
  72              	XMC_GPIO_SetOutputLow:
  73              	.LFB165:
 262:C:/Workspaces/DAVE-4.3-64Bit/tmp/Lab03_Ex02/Libraries/XMCLib/inc\xmc_gpio.h **** 
 263:C:/Workspaces/DAVE-4.3-64Bit/tmp/Lab03_Ex02/Libraries/XMCLib/inc\xmc_gpio.h **** /**
 264:C:/Workspaces/DAVE-4.3-64Bit/tmp/Lab03_Ex02/Libraries/XMCLib/inc\xmc_gpio.h ****  *
 265:C:/Workspaces/DAVE-4.3-64Bit/tmp/Lab03_Ex02/Libraries/XMCLib/inc\xmc_gpio.h ****  * @param  port	constant pointer pointing to GPIO port, to access hardware register Pn_OMR.
 266:C:/Workspaces/DAVE-4.3-64Bit/tmp/Lab03_Ex02/Libraries/XMCLib/inc\xmc_gpio.h ****  * @param  pin	port pin number.
 267:C:/Workspaces/DAVE-4.3-64Bit/tmp/Lab03_Ex02/Libraries/XMCLib/inc\xmc_gpio.h ****  *
 268:C:/Workspaces/DAVE-4.3-64Bit/tmp/Lab03_Ex02/Libraries/XMCLib/inc\xmc_gpio.h ****  * @return  None
 269:C:/Workspaces/DAVE-4.3-64Bit/tmp/Lab03_Ex02/Libraries/XMCLib/inc\xmc_gpio.h ****  *
 270:C:/Workspaces/DAVE-4.3-64Bit/tmp/Lab03_Ex02/Libraries/XMCLib/inc\xmc_gpio.h ****  *\par<b>Description:</b><br>
 271:C:/Workspaces/DAVE-4.3-64Bit/tmp/Lab03_Ex02/Libraries/XMCLib/inc\xmc_gpio.h ****  * Sets port pin output to low. It configures hardware registers Pn_OMR.\n
 272:C:/Workspaces/DAVE-4.3-64Bit/tmp/Lab03_Ex02/Libraries/XMCLib/inc\xmc_gpio.h ****  *
 273:C:/Workspaces/DAVE-4.3-64Bit/tmp/Lab03_Ex02/Libraries/XMCLib/inc\xmc_gpio.h ****  * \par<b>Related APIs:</b><BR>>
 274:C:/Workspaces/DAVE-4.3-64Bit/tmp/Lab03_Ex02/Libraries/XMCLib/inc\xmc_gpio.h ****  * XMC_GPIO_SetOutputHigh()
 275:C:/Workspaces/DAVE-4.3-64Bit/tmp/Lab03_Ex02/Libraries/XMCLib/inc\xmc_gpio.h ****  *
 276:C:/Workspaces/DAVE-4.3-64Bit/tmp/Lab03_Ex02/Libraries/XMCLib/inc\xmc_gpio.h ****  *\par<b>Note:</b><br>
 277:C:/Workspaces/DAVE-4.3-64Bit/tmp/Lab03_Ex02/Libraries/XMCLib/inc\xmc_gpio.h ****  * Prior to this api, user has to configure port pin to output mode using XMC_GPIO_SetMode().
 278:C:/Workspaces/DAVE-4.3-64Bit/tmp/Lab03_Ex02/Libraries/XMCLib/inc\xmc_gpio.h ****  * Register Pn_OMR is virtual and does not contain any flip-flop. A read action delivers the value 
 279:C:/Workspaces/DAVE-4.3-64Bit/tmp/Lab03_Ex02/Libraries/XMCLib/inc\xmc_gpio.h ****  *
 280:C:/Workspaces/DAVE-4.3-64Bit/tmp/Lab03_Ex02/Libraries/XMCLib/inc\xmc_gpio.h ****  */
 281:C:/Workspaces/DAVE-4.3-64Bit/tmp/Lab03_Ex02/Libraries/XMCLib/inc\xmc_gpio.h **** 
 282:C:/Workspaces/DAVE-4.3-64Bit/tmp/Lab03_Ex02/Libraries/XMCLib/inc\xmc_gpio.h **** __STATIC_INLINE void XMC_GPIO_SetOutputLow(XMC_GPIO_PORT_t *const port, const uint8_t pin)
 283:C:/Workspaces/DAVE-4.3-64Bit/tmp/Lab03_Ex02/Libraries/XMCLib/inc\xmc_gpio.h **** {
  74              	 .loc 1 283 0
  75              	 .cfi_startproc
  76              	 
  77              	 
  78              	 
  79 0000 80B4     	 push {r7}
  80              	.LCFI6:
  81              	 .cfi_def_cfa_offset 4
  82              	 .cfi_offset 7,-4
  83 0002 83B0     	 sub sp,sp,#12
  84              	.LCFI7:
  85              	 .cfi_def_cfa_offset 16
  86 0004 00AF     	 add r7,sp,#0
  87              	.LCFI8:
  88              	 .cfi_def_cfa_register 7
  89 0006 7860     	 str r0,[r7,#4]
  90 0008 0B46     	 mov r3,r1
  91 000a FB70     	 strb r3,[r7,#3]
 284:C:/Workspaces/DAVE-4.3-64Bit/tmp/Lab03_Ex02/Libraries/XMCLib/inc\xmc_gpio.h ****   XMC_ASSERT("XMC_GPIO_SetOutputLow: Invalid port", XMC_GPIO_CHECK_OUTPUT_PORT(port));
 285:C:/Workspaces/DAVE-4.3-64Bit/tmp/Lab03_Ex02/Libraries/XMCLib/inc\xmc_gpio.h **** 
 286:C:/Workspaces/DAVE-4.3-64Bit/tmp/Lab03_Ex02/Libraries/XMCLib/inc\xmc_gpio.h ****   port->OMR = 0x10000U << pin;
  92              	 .loc 1 286 0
  93 000c FB78     	 ldrb r3,[r7,#3]
  94 000e 4FF48032 	 mov r2,#65536
  95 0012 9A40     	 lsls r2,r2,r3
  96 0014 7B68     	 ldr r3,[r7,#4]
  97 0016 5A60     	 str r2,[r3,#4]
 287:C:/Workspaces/DAVE-4.3-64Bit/tmp/Lab03_Ex02/Libraries/XMCLib/inc\xmc_gpio.h **** }
  98              	 .loc 1 287 0
  99 0018 0C37     	 adds r7,r7,#12
 100              	.LCFI9:
 101              	 .cfi_def_cfa_offset 4
 102 001a BD46     	 mov sp,r7
 103              	.LCFI10:
 104              	 .cfi_def_cfa_register 13
 105              	 
 106 001c 5DF8047B 	 ldr r7,[sp],#4
 107              	.LCFI11:
 108              	 .cfi_restore 7
 109              	 .cfi_def_cfa_offset 0
 110 0020 7047     	 bx lr
 111              	 .cfi_endproc
 112              	.LFE165:
 114 0022 00BF     	 .section .text.XMC_GPIO_GetInput,"ax",%progbits
 115              	 .align 2
 116              	 .thumb
 117              	 .thumb_func
 119              	XMC_GPIO_GetInput:
 120              	.LFB167:
 288:C:/Workspaces/DAVE-4.3-64Bit/tmp/Lab03_Ex02/Libraries/XMCLib/inc\xmc_gpio.h **** 
 289:C:/Workspaces/DAVE-4.3-64Bit/tmp/Lab03_Ex02/Libraries/XMCLib/inc\xmc_gpio.h **** /**
 290:C:/Workspaces/DAVE-4.3-64Bit/tmp/Lab03_Ex02/Libraries/XMCLib/inc\xmc_gpio.h ****  *
 291:C:/Workspaces/DAVE-4.3-64Bit/tmp/Lab03_Ex02/Libraries/XMCLib/inc\xmc_gpio.h ****  * @param port constant pointer pointing to GPIO port, to access hardware register Pn_OMR.
 292:C:/Workspaces/DAVE-4.3-64Bit/tmp/Lab03_Ex02/Libraries/XMCLib/inc\xmc_gpio.h ****  * @param pin  port pin number.
 293:C:/Workspaces/DAVE-4.3-64Bit/tmp/Lab03_Ex02/Libraries/XMCLib/inc\xmc_gpio.h ****  *
 294:C:/Workspaces/DAVE-4.3-64Bit/tmp/Lab03_Ex02/Libraries/XMCLib/inc\xmc_gpio.h ****  * @return None
 295:C:/Workspaces/DAVE-4.3-64Bit/tmp/Lab03_Ex02/Libraries/XMCLib/inc\xmc_gpio.h ****  *
 296:C:/Workspaces/DAVE-4.3-64Bit/tmp/Lab03_Ex02/Libraries/XMCLib/inc\xmc_gpio.h ****  * \par<b>Description:</b><br>
 297:C:/Workspaces/DAVE-4.3-64Bit/tmp/Lab03_Ex02/Libraries/XMCLib/inc\xmc_gpio.h ****  * Configures port pin output to Toggle. It configures hardware registers Pn_OMR.
 298:C:/Workspaces/DAVE-4.3-64Bit/tmp/Lab03_Ex02/Libraries/XMCLib/inc\xmc_gpio.h ****  *
 299:C:/Workspaces/DAVE-4.3-64Bit/tmp/Lab03_Ex02/Libraries/XMCLib/inc\xmc_gpio.h ****  * \par<b>Related APIs:</b><BR>
 300:C:/Workspaces/DAVE-4.3-64Bit/tmp/Lab03_Ex02/Libraries/XMCLib/inc\xmc_gpio.h ****  * XMC_GPIO_SetOutputHigh(), XMC_GPIO_SetOutputLow().
 301:C:/Workspaces/DAVE-4.3-64Bit/tmp/Lab03_Ex02/Libraries/XMCLib/inc\xmc_gpio.h ****  *
 302:C:/Workspaces/DAVE-4.3-64Bit/tmp/Lab03_Ex02/Libraries/XMCLib/inc\xmc_gpio.h ****  * \par<b>Note:</b><br>
 303:C:/Workspaces/DAVE-4.3-64Bit/tmp/Lab03_Ex02/Libraries/XMCLib/inc\xmc_gpio.h ****  * Prior to this api, user has to configure port pin to output mode using XMC_GPIO_SetMode(). Regis
 304:C:/Workspaces/DAVE-4.3-64Bit/tmp/Lab03_Ex02/Libraries/XMCLib/inc\xmc_gpio.h ****  * and does not contain any flip-flop. A read action delivers the value of 0.
 305:C:/Workspaces/DAVE-4.3-64Bit/tmp/Lab03_Ex02/Libraries/XMCLib/inc\xmc_gpio.h ****  *
 306:C:/Workspaces/DAVE-4.3-64Bit/tmp/Lab03_Ex02/Libraries/XMCLib/inc\xmc_gpio.h ****  */
 307:C:/Workspaces/DAVE-4.3-64Bit/tmp/Lab03_Ex02/Libraries/XMCLib/inc\xmc_gpio.h **** 
 308:C:/Workspaces/DAVE-4.3-64Bit/tmp/Lab03_Ex02/Libraries/XMCLib/inc\xmc_gpio.h **** __STATIC_INLINE void XMC_GPIO_ToggleOutput(XMC_GPIO_PORT_t *const port, const uint8_t pin)
 309:C:/Workspaces/DAVE-4.3-64Bit/tmp/Lab03_Ex02/Libraries/XMCLib/inc\xmc_gpio.h **** {
 310:C:/Workspaces/DAVE-4.3-64Bit/tmp/Lab03_Ex02/Libraries/XMCLib/inc\xmc_gpio.h ****   XMC_ASSERT("XMC_GPIO_ToggleOutput: Invalid port", XMC_GPIO_CHECK_OUTPUT_PORT(port));
 311:C:/Workspaces/DAVE-4.3-64Bit/tmp/Lab03_Ex02/Libraries/XMCLib/inc\xmc_gpio.h **** 
 312:C:/Workspaces/DAVE-4.3-64Bit/tmp/Lab03_Ex02/Libraries/XMCLib/inc\xmc_gpio.h ****   port->OMR = 0x10001U << pin;
 313:C:/Workspaces/DAVE-4.3-64Bit/tmp/Lab03_Ex02/Libraries/XMCLib/inc\xmc_gpio.h **** }
 314:C:/Workspaces/DAVE-4.3-64Bit/tmp/Lab03_Ex02/Libraries/XMCLib/inc\xmc_gpio.h **** 
 315:C:/Workspaces/DAVE-4.3-64Bit/tmp/Lab03_Ex02/Libraries/XMCLib/inc\xmc_gpio.h **** /**
 316:C:/Workspaces/DAVE-4.3-64Bit/tmp/Lab03_Ex02/Libraries/XMCLib/inc\xmc_gpio.h ****  *
 317:C:/Workspaces/DAVE-4.3-64Bit/tmp/Lab03_Ex02/Libraries/XMCLib/inc\xmc_gpio.h ****  * @param port constant pointer pointing to GPIO port, to access hardware register Pn_IN.
 318:C:/Workspaces/DAVE-4.3-64Bit/tmp/Lab03_Ex02/Libraries/XMCLib/inc\xmc_gpio.h ****  * @param pin  Port pin number.
 319:C:/Workspaces/DAVE-4.3-64Bit/tmp/Lab03_Ex02/Libraries/XMCLib/inc\xmc_gpio.h ****  *
 320:C:/Workspaces/DAVE-4.3-64Bit/tmp/Lab03_Ex02/Libraries/XMCLib/inc\xmc_gpio.h ****  * @return uint32_t pin logic level status.
 321:C:/Workspaces/DAVE-4.3-64Bit/tmp/Lab03_Ex02/Libraries/XMCLib/inc\xmc_gpio.h ****  *
 322:C:/Workspaces/DAVE-4.3-64Bit/tmp/Lab03_Ex02/Libraries/XMCLib/inc\xmc_gpio.h ****  *\par<b>Description:</b><br>
 323:C:/Workspaces/DAVE-4.3-64Bit/tmp/Lab03_Ex02/Libraries/XMCLib/inc\xmc_gpio.h ****  * Reads the Pn_IN register and returns the current logical value at the GPIO pin.
 324:C:/Workspaces/DAVE-4.3-64Bit/tmp/Lab03_Ex02/Libraries/XMCLib/inc\xmc_gpio.h ****  *
 325:C:/Workspaces/DAVE-4.3-64Bit/tmp/Lab03_Ex02/Libraries/XMCLib/inc\xmc_gpio.h ****  * \par<b>Related APIs:</b><BR>
 326:C:/Workspaces/DAVE-4.3-64Bit/tmp/Lab03_Ex02/Libraries/XMCLib/inc\xmc_gpio.h ****  * None
 327:C:/Workspaces/DAVE-4.3-64Bit/tmp/Lab03_Ex02/Libraries/XMCLib/inc\xmc_gpio.h ****  *
 328:C:/Workspaces/DAVE-4.3-64Bit/tmp/Lab03_Ex02/Libraries/XMCLib/inc\xmc_gpio.h ****  * \par<b>Note:</b><br>
 329:C:/Workspaces/DAVE-4.3-64Bit/tmp/Lab03_Ex02/Libraries/XMCLib/inc\xmc_gpio.h ****  * Prior to this api, user has to configure port pin to input mode using XMC_GPIO_SetMode().
 330:C:/Workspaces/DAVE-4.3-64Bit/tmp/Lab03_Ex02/Libraries/XMCLib/inc\xmc_gpio.h ****  *
 331:C:/Workspaces/DAVE-4.3-64Bit/tmp/Lab03_Ex02/Libraries/XMCLib/inc\xmc_gpio.h ****  */
 332:C:/Workspaces/DAVE-4.3-64Bit/tmp/Lab03_Ex02/Libraries/XMCLib/inc\xmc_gpio.h **** 
 333:C:/Workspaces/DAVE-4.3-64Bit/tmp/Lab03_Ex02/Libraries/XMCLib/inc\xmc_gpio.h **** __STATIC_INLINE uint32_t XMC_GPIO_GetInput(XMC_GPIO_PORT_t *const port, const uint8_t pin)
 334:C:/Workspaces/DAVE-4.3-64Bit/tmp/Lab03_Ex02/Libraries/XMCLib/inc\xmc_gpio.h **** {
 121              	 .loc 1 334 0
 122              	 .cfi_startproc
 123              	 
 124              	 
 125              	 
 126 0000 80B4     	 push {r7}
 127              	.LCFI12:
 128              	 .cfi_def_cfa_offset 4
 129              	 .cfi_offset 7,-4
 130 0002 83B0     	 sub sp,sp,#12
 131              	.LCFI13:
 132              	 .cfi_def_cfa_offset 16
 133 0004 00AF     	 add r7,sp,#0
 134              	.LCFI14:
 135              	 .cfi_def_cfa_register 7
 136 0006 7860     	 str r0,[r7,#4]
 137 0008 0B46     	 mov r3,r1
 138 000a FB70     	 strb r3,[r7,#3]
 335:C:/Workspaces/DAVE-4.3-64Bit/tmp/Lab03_Ex02/Libraries/XMCLib/inc\xmc_gpio.h ****   XMC_ASSERT("XMC_GPIO_GetInput: Invalid port", XMC_GPIO_CHECK_PORT(port));
 336:C:/Workspaces/DAVE-4.3-64Bit/tmp/Lab03_Ex02/Libraries/XMCLib/inc\xmc_gpio.h **** 
 337:C:/Workspaces/DAVE-4.3-64Bit/tmp/Lab03_Ex02/Libraries/XMCLib/inc\xmc_gpio.h ****   return (((port->IN) >> pin) & 0x1U);
 139              	 .loc 1 337 0
 140 000c 7B68     	 ldr r3,[r7,#4]
 141 000e 5A6A     	 ldr r2,[r3,#36]
 142 0010 FB78     	 ldrb r3,[r7,#3]
 143 0012 22FA03F3 	 lsr r3,r2,r3
 144 0016 03F00103 	 and r3,r3,#1
 338:C:/Workspaces/DAVE-4.3-64Bit/tmp/Lab03_Ex02/Libraries/XMCLib/inc\xmc_gpio.h **** }
 145              	 .loc 1 338 0
 146 001a 1846     	 mov r0,r3
 147 001c 0C37     	 adds r7,r7,#12
 148              	.LCFI15:
 149              	 .cfi_def_cfa_offset 4
 150 001e BD46     	 mov sp,r7
 151              	.LCFI16:
 152              	 .cfi_def_cfa_register 13
 153              	 
 154 0020 5DF8047B 	 ldr r7,[sp],#4
 155              	.LCFI17:
 156              	 .cfi_restore 7
 157              	 .cfi_def_cfa_offset 0
 158 0024 7047     	 bx lr
 159              	 .cfi_endproc
 160              	.LFE167:
 162              	 .global g_duty
 163 0026 00BF     	 .section .data.g_duty,"aw",%progbits
 164              	 .align 2
 167              	g_duty:
 168 0000 00004842 	 .word 1112014848
 169              	 .section .text.main,"ax",%progbits
 170              	 .align 2
 171              	 .global main
 172              	 .thumb
 173              	 .thumb_func
 175              	main:
 176              	.LFB225:
 177              	 .file 2 "../main.c"
   1:../main.c     **** /*
   2:../main.c     ****  * main.c
   3:../main.c     ****  *
   4:../main.c     ****  *  Created on: 2018 Jan 25 10:55:53
   5:../main.c     ****  *  Author: Tomasz Osypinski
   6:../main.c     ****  */
   7:../main.c     **** 
   8:../main.c     **** 
   9:../main.c     **** 
  10:../main.c     **** 
  11:../main.c     **** #include <DAVE.h>                 //Declarations from DAVE Code Generation (includes SFR declaratio
  12:../main.c     **** 
  13:../main.c     **** #define TRIP                P0_7
  14:../main.c     **** #define BUTTON_1            P15_13
  15:../main.c     **** #define READ_BUTTON1        (XMC_GPIO_GetInput(BUTTON_1))
  16:../main.c     **** 
  17:../main.c     **** /**
  18:../main.c     **** 
  19:../main.c     ****  * @brief main() - Application entry point
  20:../main.c     ****  *
  21:../main.c     ****  * <b>Details of function</b><br>
  22:../main.c     ****  * This routine is the application entry point. It is invoked by the device startup code. It is res
  23:../main.c     ****  * invoking the APP initialization dispatcher routine - DAVE_Init() and hosting the place-holder fo
  24:../main.c     ****  * code.
  25:../main.c     ****  */
  26:../main.c     **** volatile float g_duty = 50.0f;
  27:../main.c     **** 
  28:../main.c     **** int main(void)
  29:../main.c     **** {
 178              	 .loc 2 29 0
 179              	 .cfi_startproc
 180              	 
 181              	 
 182 0000 80B5     	 push {r7,lr}
 183              	.LCFI18:
 184              	 .cfi_def_cfa_offset 8
 185              	 .cfi_offset 7,-8
 186              	 .cfi_offset 14,-4
 187 0002 82B0     	 sub sp,sp,#8
 188              	.LCFI19:
 189              	 .cfi_def_cfa_offset 16
 190 0004 00AF     	 add r7,sp,#0
 191              	.LCFI20:
 192              	 .cfi_def_cfa_register 7
  30:../main.c     ****     DAVE_STATUS_t status;
  31:../main.c     **** 
  32:../main.c     ****     status = DAVE_Init(); /* Initialization of DAVE APPs  */
 193              	 .loc 2 32 0
 194 0006 FFF7FEFF 	 bl DAVE_Init
 195 000a 0346     	 mov r3,r0
 196 000c FB71     	 strb r3,[r7,#7]
  33:../main.c     **** 
  34:../main.c     ****     if(status != DAVE_STATUS_SUCCESS)
 197              	 .loc 2 34 0
 198 000e FB79     	 ldrb r3,[r7,#7]
 199 0010 002B     	 cmp r3,#0
 200 0012 00D0     	 beq .L6
 201              	.L7:
  35:../main.c     ****     {
  36:../main.c     ****         /* Placeholder for error handler code. The while loop below can be replaced with an user er
  37:../main.c     ****         XMC_DEBUG("DAVE APPs initialization failed\n");
  38:../main.c     **** 
  39:../main.c     ****         while(1U)
  40:../main.c     ****         {
  41:../main.c     **** 
  42:../main.c     ****         }
 202              	 .loc 2 42 0 discriminator 1
 203 0014 FEE7     	 b .L7
 204              	.L6:
  43:../main.c     ****     }
  44:../main.c     **** 
  45:../main.c     ****     /* Placeholder for user application code. The while loop below can be replaced with user applic
  46:../main.c     ****     while(1U)
  47:../main.c     ****     {
  48:../main.c     ****         if(g_duty > 100.0f)
 205              	 .loc 2 48 0
 206 0016 1D4B     	 ldr r3,.L17
 207 0018 D3ED007A 	 flds s15,[r3]
 208 001c 9FED1C7A 	 flds s14,.L17+4
 209 0020 F4EEC77A 	 fcmpes s15,s14
 210 0024 F1EE10FA 	 fmstat
 211 0028 03DD     	 ble .L16
  49:../main.c     ****         {
  50:../main.c     ****             g_duty = 100.0f;
 212              	 .loc 2 50 0
 213 002a 184B     	 ldr r3,.L17
 214 002c 194A     	 ldr r2,.L17+8
 215 002e 1A60     	 str r2,[r3]
 216 0030 0BE0     	 b .L10
 217              	.L16:
  51:../main.c     ****         }
  52:../main.c     ****         else if(g_duty < 0.0f)
 218              	 .loc 2 52 0
 219 0032 164B     	 ldr r3,.L17
 220 0034 D3ED007A 	 flds s15,[r3]
 221 0038 F5EEC07A 	 fcmpezs s15
 222 003c F1EE10FA 	 fmstat
 223 0040 03D5     	 bpl .L10
  53:../main.c     ****         {
  54:../main.c     ****             g_duty = 0.0f;
 224              	 .loc 2 54 0
 225 0042 124B     	 ldr r3,.L17
 226 0044 4FF00002 	 mov r2,#0
 227 0048 1A60     	 str r2,[r3]
 228              	.L10:
  55:../main.c     ****         }
  56:../main.c     ****         PWM_CCU8_SetDutyCycleSymmetric(&PWM_CCU8_0,
  57:../main.c     ****                                        XMC_CCU8_SLICE_COMPARE_CHANNEL_1,
  58:../main.c     ****                                        ((uint32_t)g_duty * PWM_CCU8_DUTY_SCALE));
 229              	 .loc 2 58 0
 230 004a 104B     	 ldr r3,.L17
 231 004c D3ED007A 	 flds s15,[r3]
 232 0050 FCEEE77A 	 ftouizs s15,s15
 233 0054 17EE902A 	 fmrs r2,s15
  56:../main.c     ****                                        XMC_CCU8_SLICE_COMPARE_CHANNEL_1,
 234              	 .loc 2 56 0
 235 0058 6423     	 movs r3,#100
 236 005a 03FB02F3 	 mul r3,r3,r2
 237 005e 0E48     	 ldr r0,.L17+12
 238 0060 0021     	 movs r1,#0
 239 0062 1A46     	 mov r2,r3
 240 0064 FFF7FEFF 	 bl PWM_CCU8_SetDutyCycleSymmetric
  59:../main.c     ****        if(READ_BUTTON1)
 241              	 .loc 2 59 0
 242 0068 0C48     	 ldr r0,.L17+16
 243 006a 0D21     	 movs r1,#13
 244 006c FFF7FEFF 	 bl XMC_GPIO_GetInput
 245 0070 0346     	 mov r3,r0
 246 0072 002B     	 cmp r3,#0
 247 0074 04D0     	 beq .L12
  60:../main.c     ****        {
  61:../main.c     ****            XMC_GPIO_SetOutputHigh(TRIP);
 248              	 .loc 2 61 0
 249 0076 0A48     	 ldr r0,.L17+20
 250 0078 0721     	 movs r1,#7
 251 007a FFF7FEFF 	 bl XMC_GPIO_SetOutputHigh
 252 007e 03E0     	 b .L13
 253              	.L12:
  62:../main.c     ****        }
  63:../main.c     ****        else
  64:../main.c     ****        {
  65:../main.c     ****            XMC_GPIO_SetOutputLow(TRIP);
 254              	 .loc 2 65 0
 255 0080 0748     	 ldr r0,.L17+20
 256 0082 0721     	 movs r1,#7
 257 0084 FFF7FEFF 	 bl XMC_GPIO_SetOutputLow
 258              	.L13:
  66:../main.c     ****        }
  67:../main.c     ****     }
 259              	 .loc 2 67 0
 260 0088 C5E7     	 b .L6
 261              	.L18:
 262 008a 00BF     	 .align 2
 263              	.L17:
 264 008c 00000000 	 .word g_duty
 265 0090 0000C842 	 .word 1120403456
 266 0094 0000C842 	 .word 1120403456
 267 0098 00000000 	 .word PWM_CCU8_0
 268 009c 008F0248 	 .word 1208127232
 269 00a0 00800248 	 .word 1208123392
 270              	 .cfi_endproc
 271              	.LFE225:
 273              	 .text
 274              	.Letext0:
 275              	 .file 3 "c:\\davev4-64bit\\dave-4.3.2\\eclipse\\arm-gcc-49\\arm-none-eabi\\include\\machine\\_default_types.h"
 276              	 .file 4 "c:\\davev4-64bit\\dave-4.3.2\\eclipse\\arm-gcc-49\\arm-none-eabi\\include\\stdint.h"
 277              	 .file 5 "C:/Workspaces/DAVE-4.3-64Bit/tmp/Lab03_Ex02/Libraries/CMSIS/Infineon/XMC4700_series/Include/XMC4700.h"
 278              	 .file 6 "C:/Workspaces/DAVE-4.3-64Bit/tmp/Lab03_Ex02/Libraries/XMCLib/inc/xmc4_scu.h"
 279              	 .file 7 "C:/Workspaces/DAVE-4.3-64Bit/tmp/Lab03_Ex02/Libraries/XMCLib/inc/xmc4_gpio.h"
 280              	 .file 8 "C:/Workspaces/DAVE-4.3-64Bit/tmp/Lab03_Ex02/Libraries/XMCLib/inc/xmc_ccu8.h"
 281              	 .file 9 "C:/Workspaces/DAVE-4.3-64Bit/tmp/Lab03_Ex02/Dave/Generated/GLOBAL_CCU8/global_ccu8.h"
 282              	 .file 10 "C:/Workspaces/DAVE-4.3-64Bit/tmp/Lab03_Ex02/Dave/Generated/PWM_CCU8/pwm_ccu8.h"
 283              	 .file 11 "C:/Workspaces/DAVE-4.3-64Bit/tmp/Lab03_Ex02/Dave/Generated/DAVE.h"
 284              	 .file 12 "C:/Workspaces/DAVE-4.3-64Bit/tmp/Lab03_Ex02/Libraries/CMSIS/Include/core_cm4.h"
 285              	 .file 13 "C:/Workspaces/DAVE-4.3-64Bit/tmp/Lab03_Ex02/Libraries/CMSIS/Infineon/XMC4700_series/Include/system_XMC4700.h"
 286              	 .file 14 "C:/Workspaces/DAVE-4.3-64Bit/tmp/Lab03_Ex02/Dave/Generated/PWM_CCU8/pwm_ccu8_extern.h"
DEFINED SYMBOLS
                            *ABS*:00000000 main.c
    {standard input}:20     .text.XMC_GPIO_SetOutputHigh:00000000 $t
    {standard input}:24     .text.XMC_GPIO_SetOutputHigh:00000000 XMC_GPIO_SetOutputHigh
    {standard input}:68     .text.XMC_GPIO_SetOutputLow:00000000 $t
    {standard input}:72     .text.XMC_GPIO_SetOutputLow:00000000 XMC_GPIO_SetOutputLow
    {standard input}:115    .text.XMC_GPIO_GetInput:00000000 $t
    {standard input}:119    .text.XMC_GPIO_GetInput:00000000 XMC_GPIO_GetInput
    {standard input}:167    .data.g_duty:00000000 g_duty
    {standard input}:164    .data.g_duty:00000000 $d
    {standard input}:170    .text.main:00000000 $t
    {standard input}:175    .text.main:00000000 main
    {standard input}:264    .text.main:0000008c $d
                     .debug_frame:00000010 $d

UNDEFINED SYMBOLS
DAVE_Init
PWM_CCU8_SetDutyCycleSymmetric
PWM_CCU8_0
