   1              	 .syntax unified
   2              	 .cpu cortex-m4
   3              	 .eabi_attribute 27,3
   4              	 .fpu fpv4-sp-d16
   5              	 .eabi_attribute 20,1
   6              	 .eabi_attribute 21,1
   7              	 .eabi_attribute 23,3
   8              	 .eabi_attribute 24,1
   9              	 .eabi_attribute 25,1
  10              	 .eabi_attribute 26,1
  11              	 .eabi_attribute 30,6
  12              	 .eabi_attribute 34,1
  13              	 .eabi_attribute 18,4
  14              	 .thumb
  15              	 .file "vadc_group_config.c"
  16              	 .text
  17              	.Ltext0:
  18              	 .cfi_sections .debug_frame
  19              	 .section .text.VADC_GROUP_CONFIG_GetAppVersion,"ax",%progbits
  20              	 .align 2
  21              	 .global VADC_GROUP_CONFIG_GetAppVersion
  22              	 .thumb
  23              	 .thumb_func
  25              	VADC_GROUP_CONFIG_GetAppVersion:
  26              	.LFB241:
  27              	 .file 1 "../Dave/Generated/VADC_GROUP_CONFIG/vadc_group_config.c"
   1:../Dave/Generated/VADC_GROUP_CONFIG/vadc_group_config.c **** /**
   2:../Dave/Generated/VADC_GROUP_CONFIG/vadc_group_config.c ****  * @file vadc_group_config.c
   3:../Dave/Generated/VADC_GROUP_CONFIG/vadc_group_config.c ****  * @date 2016-08-18
   4:../Dave/Generated/VADC_GROUP_CONFIG/vadc_group_config.c ****  *
   5:../Dave/Generated/VADC_GROUP_CONFIG/vadc_group_config.c ****  * NOTE:
   6:../Dave/Generated/VADC_GROUP_CONFIG/vadc_group_config.c ****  * This file is generated by DAVE-4. Any manual modification done to this file will be lost when th
   7:../Dave/Generated/VADC_GROUP_CONFIG/vadc_group_config.c ****  * regenerated.
   8:../Dave/Generated/VADC_GROUP_CONFIG/vadc_group_config.c ****  *
   9:../Dave/Generated/VADC_GROUP_CONFIG/vadc_group_config.c ****  * @cond
  10:../Dave/Generated/VADC_GROUP_CONFIG/vadc_group_config.c ****  **************************************************************************************************
  11:../Dave/Generated/VADC_GROUP_CONFIG/vadc_group_config.c ****  * VADC_GROUP_CONFIG v4.0.6 - Configures a VADC group to convert channels .
  12:../Dave/Generated/VADC_GROUP_CONFIG/vadc_group_config.c ****  *
  13:../Dave/Generated/VADC_GROUP_CONFIG/vadc_group_config.c ****  * Copyright (c) 2015-2017, Infineon Technologies AG
  14:../Dave/Generated/VADC_GROUP_CONFIG/vadc_group_config.c ****  * All rights reserved.
  15:../Dave/Generated/VADC_GROUP_CONFIG/vadc_group_config.c ****  *
  16:../Dave/Generated/VADC_GROUP_CONFIG/vadc_group_config.c ****  * Redistribution and use in source and binary forms, with or without modification,are permitted pr
  17:../Dave/Generated/VADC_GROUP_CONFIG/vadc_group_config.c ****  * following conditions are met:
  18:../Dave/Generated/VADC_GROUP_CONFIG/vadc_group_config.c ****  *
  19:../Dave/Generated/VADC_GROUP_CONFIG/vadc_group_config.c ****  *   Redistributions of source code must retain the above copyright notice, this list of conditions
  20:../Dave/Generated/VADC_GROUP_CONFIG/vadc_group_config.c ****  *   disclaimer.
  21:../Dave/Generated/VADC_GROUP_CONFIG/vadc_group_config.c ****  *
  22:../Dave/Generated/VADC_GROUP_CONFIG/vadc_group_config.c ****  *   Redistributions in binary form must reproduce the above copyright notice, this list of conditi
  23:../Dave/Generated/VADC_GROUP_CONFIG/vadc_group_config.c ****  *   following disclaimer in the documentation and/or other materials provided with the distributio
  24:../Dave/Generated/VADC_GROUP_CONFIG/vadc_group_config.c ****  *
  25:../Dave/Generated/VADC_GROUP_CONFIG/vadc_group_config.c ****  *   Neither the name of the copyright holders nor the names of its contributors may be used to end
  26:../Dave/Generated/VADC_GROUP_CONFIG/vadc_group_config.c ****  *   products derived from this software without specific prior written permission.
  27:../Dave/Generated/VADC_GROUP_CONFIG/vadc_group_config.c ****  *
  28:../Dave/Generated/VADC_GROUP_CONFIG/vadc_group_config.c ****  * THIS SOFTWARE IS PROVIDED BY THE COPYRIGHT HOLDERS AND CONTRIBUTORS "AS IS" AND ANY EXPRESS OR I
  29:../Dave/Generated/VADC_GROUP_CONFIG/vadc_group_config.c ****  * INCLUDING, BUT NOT LIMITED TO, THE IMPLIED WARRANTIES OF MERCHANTABILITY AND FITNESS FOR A PARTI
  30:../Dave/Generated/VADC_GROUP_CONFIG/vadc_group_config.c ****  * DISCLAIMED. IN NO EVENT SHALL THE COPYRIGHT HOLDER OR CONTRIBUTORS BE LIABLE  FOR ANY DIRECT, IN
  31:../Dave/Generated/VADC_GROUP_CONFIG/vadc_group_config.c ****  * SPECIAL, EXEMPLARY, OR CONSEQUENTIAL DAMAGES (INCLUDING, BUT NOT LIMITED TO, PROCUREMENT OF SUBS
  32:../Dave/Generated/VADC_GROUP_CONFIG/vadc_group_config.c ****  * SERVICES; LOSS OF USE, DATA, OR PROFITS; OR BUSINESS INTERRUPTION) HOWEVER CAUSED AND ON ANY THE
  33:../Dave/Generated/VADC_GROUP_CONFIG/vadc_group_config.c ****  * WHETHER IN CONTRACT, STRICT LIABILITY,OR TORT (INCLUDING NEGLIGENCE OR OTHERWISE) ARISING IN ANY
  34:../Dave/Generated/VADC_GROUP_CONFIG/vadc_group_config.c ****  * USE OF THIS SOFTWARE, EVEN IF ADVISED OF THE POSSIBILITY OF SUCH DAMAGE.
  35:../Dave/Generated/VADC_GROUP_CONFIG/vadc_group_config.c ****  *
  36:../Dave/Generated/VADC_GROUP_CONFIG/vadc_group_config.c ****  * To improve the quality of the software, users are encouraged to share modifications, enhancement
  37:../Dave/Generated/VADC_GROUP_CONFIG/vadc_group_config.c ****  * with Infineon Technologies AG (dave@infineon.com).
  38:../Dave/Generated/VADC_GROUP_CONFIG/vadc_group_config.c ****  **************************************************************************************************
  39:../Dave/Generated/VADC_GROUP_CONFIG/vadc_group_config.c ****  *
  40:../Dave/Generated/VADC_GROUP_CONFIG/vadc_group_config.c ****  * Change History
  41:../Dave/Generated/VADC_GROUP_CONFIG/vadc_group_config.c ****  * --------------
  42:../Dave/Generated/VADC_GROUP_CONFIG/vadc_group_config.c ****  *
  43:../Dave/Generated/VADC_GROUP_CONFIG/vadc_group_config.c ****  * 2016-06-27:
  44:../Dave/Generated/VADC_GROUP_CONFIG/vadc_group_config.c ****  *     - Initial version for DAVEv4
  45:../Dave/Generated/VADC_GROUP_CONFIG/vadc_group_config.c ****  *
  46:../Dave/Generated/VADC_GROUP_CONFIG/vadc_group_config.c ****  * 2016-08-18:
  47:../Dave/Generated/VADC_GROUP_CONFIG/vadc_group_config.c ****  *     - Documentation update.<br>
  48:../Dave/Generated/VADC_GROUP_CONFIG/vadc_group_config.c ****  *
  49:../Dave/Generated/VADC_GROUP_CONFIG/vadc_group_config.c ****  * @endcond
  50:../Dave/Generated/VADC_GROUP_CONFIG/vadc_group_config.c ****  *
  51:../Dave/Generated/VADC_GROUP_CONFIG/vadc_group_config.c ****  */
  52:../Dave/Generated/VADC_GROUP_CONFIG/vadc_group_config.c **** 
  53:../Dave/Generated/VADC_GROUP_CONFIG/vadc_group_config.c **** /**************************************************************************************************
  54:../Dave/Generated/VADC_GROUP_CONFIG/vadc_group_config.c ****  * HEADER FILES
  55:../Dave/Generated/VADC_GROUP_CONFIG/vadc_group_config.c ****  **************************************************************************************************
  56:../Dave/Generated/VADC_GROUP_CONFIG/vadc_group_config.c **** #include "vadc_group_config.h"
  57:../Dave/Generated/VADC_GROUP_CONFIG/vadc_group_config.c **** 
  58:../Dave/Generated/VADC_GROUP_CONFIG/vadc_group_config.c **** /**************************************************************************************************
  59:../Dave/Generated/VADC_GROUP_CONFIG/vadc_group_config.c ****  * MACROS
  60:../Dave/Generated/VADC_GROUP_CONFIG/vadc_group_config.c ****  **************************************************************************************************
  61:../Dave/Generated/VADC_GROUP_CONFIG/vadc_group_config.c **** 
  62:../Dave/Generated/VADC_GROUP_CONFIG/vadc_group_config.c **** /**************************************************************************************************
  63:../Dave/Generated/VADC_GROUP_CONFIG/vadc_group_config.c ****  * LOCAL DATA
  64:../Dave/Generated/VADC_GROUP_CONFIG/vadc_group_config.c ****  **************************************************************************************************
  65:../Dave/Generated/VADC_GROUP_CONFIG/vadc_group_config.c **** 
  66:../Dave/Generated/VADC_GROUP_CONFIG/vadc_group_config.c **** /**************************************************************************************************
  67:../Dave/Generated/VADC_GROUP_CONFIG/vadc_group_config.c ****  * LOCAL ROUTINES
  68:../Dave/Generated/VADC_GROUP_CONFIG/vadc_group_config.c ****  **************************************************************************************************
  69:../Dave/Generated/VADC_GROUP_CONFIG/vadc_group_config.c **** 
  70:../Dave/Generated/VADC_GROUP_CONFIG/vadc_group_config.c **** /**************************************************************************************************
  71:../Dave/Generated/VADC_GROUP_CONFIG/vadc_group_config.c ****  * API IMPLEMENTATION
  72:../Dave/Generated/VADC_GROUP_CONFIG/vadc_group_config.c ****  **************************************************************************************************
  73:../Dave/Generated/VADC_GROUP_CONFIG/vadc_group_config.c **** 
  74:../Dave/Generated/VADC_GROUP_CONFIG/vadc_group_config.c **** /**
  75:../Dave/Generated/VADC_GROUP_CONFIG/vadc_group_config.c ****  * @brief Get the VADC_GROUP_CONFIG APP version.
  76:../Dave/Generated/VADC_GROUP_CONFIG/vadc_group_config.c ****  * @return DAVE_APP_VERSION_t APP version information (major, minor and patch number)
  77:../Dave/Generated/VADC_GROUP_CONFIG/vadc_group_config.c ****  */
  78:../Dave/Generated/VADC_GROUP_CONFIG/vadc_group_config.c **** DAVE_APP_VERSION_t VADC_GROUP_CONFIG_GetAppVersion()
  79:../Dave/Generated/VADC_GROUP_CONFIG/vadc_group_config.c **** {
  28              	 .loc 1 79 0
  29              	 .cfi_startproc
  30              	 
  31              	 
  32              	 
  33 0000 80B4     	 push {r7}
  34              	.LCFI0:
  35              	 .cfi_def_cfa_offset 4
  36              	 .cfi_offset 7,-4
  37 0002 83B0     	 sub sp,sp,#12
  38              	.LCFI1:
  39              	 .cfi_def_cfa_offset 16
  40 0004 00AF     	 add r7,sp,#0
  41              	.LCFI2:
  42              	 .cfi_def_cfa_register 7
  80:../Dave/Generated/VADC_GROUP_CONFIG/vadc_group_config.c ****   DAVE_APP_VERSION_t version;
  81:../Dave/Generated/VADC_GROUP_CONFIG/vadc_group_config.c **** 
  82:../Dave/Generated/VADC_GROUP_CONFIG/vadc_group_config.c ****   version.major = VADC_GROUP_CONFIG_MAJOR_VERSION;
  43              	 .loc 1 82 0
  44 0006 0423     	 movs r3,#4
  45 0008 3B70     	 strb r3,[r7]
  83:../Dave/Generated/VADC_GROUP_CONFIG/vadc_group_config.c ****   version.minor = VADC_GROUP_CONFIG_MINOR_VERSION;
  46              	 .loc 1 83 0
  47 000a 0023     	 movs r3,#0
  48 000c 7B70     	 strb r3,[r7,#1]
  84:../Dave/Generated/VADC_GROUP_CONFIG/vadc_group_config.c ****   version.patch = VADC_GROUP_CONFIG_PATCH_VERSION;
  49              	 .loc 1 84 0
  50 000e 0623     	 movs r3,#6
  51 0010 BB70     	 strb r3,[r7,#2]
  85:../Dave/Generated/VADC_GROUP_CONFIG/vadc_group_config.c **** 
  86:../Dave/Generated/VADC_GROUP_CONFIG/vadc_group_config.c ****   return version;
  52              	 .loc 1 86 0
  53 0012 3B1D     	 adds r3,r7,#4
  54 0014 3A46     	 mov r2,r7
  55 0016 1268     	 ldr r2,[r2]
  56 0018 1146     	 mov r1,r2
  57 001a 1980     	 strh r1,[r3]
  58 001c 0233     	 adds r3,r3,#2
  59 001e 120C     	 lsrs r2,r2,#16
  60 0020 1A70     	 strb r2,[r3]
  61 0022 0023     	 movs r3,#0
  62 0024 3A79     	 ldrb r2,[r7,#4]
  63 0026 62F30703 	 bfi r3,r2,#0,#8
  64 002a 7A79     	 ldrb r2,[r7,#5]
  65 002c 62F30F23 	 bfi r3,r2,#8,#8
  66 0030 BA79     	 ldrb r2,[r7,#6]
  67 0032 62F31743 	 bfi r3,r2,#16,#8
  87:../Dave/Generated/VADC_GROUP_CONFIG/vadc_group_config.c **** }
  68              	 .loc 1 87 0
  69 0036 1846     	 mov r0,r3
  70 0038 0C37     	 adds r7,r7,#12
  71              	.LCFI3:
  72              	 .cfi_def_cfa_offset 4
  73 003a BD46     	 mov sp,r7
  74              	.LCFI4:
  75              	 .cfi_def_cfa_register 13
  76              	 
  77 003c 5DF8047B 	 ldr r7,[sp],#4
  78              	.LCFI5:
  79              	 .cfi_restore 7
  80              	 .cfi_def_cfa_offset 0
  81 0040 7047     	 bx lr
  82              	 .cfi_endproc
  83              	.LFE241:
  85 0042 00BF     	 .section .text.VADC_GROUP_CONFIG_Init,"ax",%progbits
  86              	 .align 2
  87              	 .global VADC_GROUP_CONFIG_Init
  88              	 .thumb
  89              	 .thumb_func
  91              	VADC_GROUP_CONFIG_Init:
  92              	.LFB242:
  88:../Dave/Generated/VADC_GROUP_CONFIG/vadc_group_config.c **** /**
  89:../Dave/Generated/VADC_GROUP_CONFIG/vadc_group_config.c ****  * @brief Function to initialize the SPI module as per the configuration made
  90:../Dave/Generated/VADC_GROUP_CONFIG/vadc_group_config.c ****  * in GUI.
  91:../Dave/Generated/VADC_GROUP_CONFIG/vadc_group_config.c ****  * @param[in] handle Pointer to static content of APP configuration.
  92:../Dave/Generated/VADC_GROUP_CONFIG/vadc_group_config.c ****  * @return VADC_GROUP_CONFIG_STATUS_t: Status of the SPI driver initialization.\n
  93:../Dave/Generated/VADC_GROUP_CONFIG/vadc_group_config.c ****  *   @ref VADC_GROUP_CONFIG_STATUS_SUCCESS - on successful initialization.\n
  94:../Dave/Generated/VADC_GROUP_CONFIG/vadc_group_config.c ****  *   @ref VADC_GROUP_CONFIG_STATUS_FAILURE - if initialization fails.\n
  95:../Dave/Generated/VADC_GROUP_CONFIG/vadc_group_config.c ****  *
  96:../Dave/Generated/VADC_GROUP_CONFIG/vadc_group_config.c ****  */
  97:../Dave/Generated/VADC_GROUP_CONFIG/vadc_group_config.c **** VADC_GROUP_CONFIG_STATUS_t VADC_GROUP_CONFIG_Init(const VADC_GROUP_CONFIG_t *const handle)
  98:../Dave/Generated/VADC_GROUP_CONFIG/vadc_group_config.c **** {
  93              	 .loc 1 98 0
  94              	 .cfi_startproc
  95              	 
  96              	 
  97 0000 80B5     	 push {r7,lr}
  98              	.LCFI6:
  99              	 .cfi_def_cfa_offset 8
 100              	 .cfi_offset 7,-8
 101              	 .cfi_offset 14,-4
 102 0002 84B0     	 sub sp,sp,#16
 103              	.LCFI7:
 104              	 .cfi_def_cfa_offset 24
 105 0004 00AF     	 add r7,sp,#0
 106              	.LCFI8:
 107              	 .cfi_def_cfa_register 7
 108 0006 7860     	 str r0,[r7,#4]
  99:../Dave/Generated/VADC_GROUP_CONFIG/vadc_group_config.c ****   VADC_GROUP_CONFIG_STATUS_t status;
 100:../Dave/Generated/VADC_GROUP_CONFIG/vadc_group_config.c ****   XMC_ASSERT("VADC_GROUP_CONFIG_Init APP handle function pointer uninitialized", ((handle != NULL) 
 101:../Dave/Generated/VADC_GROUP_CONFIG/vadc_group_config.c ****                                                                                   (handle->init_fun
 102:../Dave/Generated/VADC_GROUP_CONFIG/vadc_group_config.c **** 
 103:../Dave/Generated/VADC_GROUP_CONFIG/vadc_group_config.c ****   status = VADC_GROUP_CONFIG_STATUS_SUCCESS;
 109              	 .loc 1 103 0
 110 0008 0023     	 movs r3,#0
 111 000a FB73     	 strb r3,[r7,#15]
 104:../Dave/Generated/VADC_GROUP_CONFIG/vadc_group_config.c **** 
 105:../Dave/Generated/VADC_GROUP_CONFIG/vadc_group_config.c ****   status = handle->init_func();
 112              	 .loc 1 105 0
 113 000c 7B68     	 ldr r3,[r7,#4]
 114 000e 1B68     	 ldr r3,[r3]
 115 0010 9847     	 blx r3
 116 0012 0346     	 mov r3,r0
 117 0014 FB73     	 strb r3,[r7,#15]
 106:../Dave/Generated/VADC_GROUP_CONFIG/vadc_group_config.c **** 
 107:../Dave/Generated/VADC_GROUP_CONFIG/vadc_group_config.c ****   return status;
 118              	 .loc 1 107 0
 119 0016 FB7B     	 ldrb r3,[r7,#15]
 108:../Dave/Generated/VADC_GROUP_CONFIG/vadc_group_config.c **** }
 120              	 .loc 1 108 0
 121 0018 1846     	 mov r0,r3
 122 001a 1037     	 adds r7,r7,#16
 123              	.LCFI9:
 124              	 .cfi_def_cfa_offset 8
 125 001c BD46     	 mov sp,r7
 126              	.LCFI10:
 127              	 .cfi_def_cfa_register 13
 128              	 
 129 001e 80BD     	 pop {r7,pc}
 130              	 .cfi_endproc
 131              	.LFE242:
 133              	 .text
 134              	.Letext0:
 135              	 .file 2 "c:\\davev4-64bit\\dave-4.3.2\\eclipse\\arm-gcc-49\\arm-none-eabi\\include\\machine\\_default_types.h"
 136              	 .file 3 "c:\\davev4-64bit\\dave-4.3.2\\eclipse\\arm-gcc-49\\arm-none-eabi\\include\\stdint.h"
 137              	 .file 4 "C:/Workspaces/DAVE-4.3-64Bit/tmp/Lab03_Ex04/Libraries/CMSIS/Infineon/XMC4700_series/Include/XMC4700.h"
 138              	 .file 5 "C:/Workspaces/DAVE-4.3-64Bit/tmp/Lab03_Ex04/Libraries/XMCLib/inc/xmc_vadc.h"
 139              	 .file 6 "C:/Workspaces/DAVE-4.3-64Bit/tmp/Lab03_Ex04/Dave/Generated/DAVE_Common.h"
 140              	 .file 7 "../Dave/Generated/VADC_GROUP_CONFIG/vadc_group_config.h"
 141              	 .file 8 "C:/Workspaces/DAVE-4.3-64Bit/tmp/Lab03_Ex04/Libraries/CMSIS/Include/core_cm4.h"
 142              	 .file 9 "C:/Workspaces/DAVE-4.3-64Bit/tmp/Lab03_Ex04/Libraries/CMSIS/Infineon/XMC4700_series/Include/system_XMC4700.h"
DEFINED SYMBOLS
                            *ABS*:00000000 vadc_group_config.c
    {standard input}:20     .text.VADC_GROUP_CONFIG_GetAppVersion:00000000 $t
    {standard input}:25     .text.VADC_GROUP_CONFIG_GetAppVersion:00000000 VADC_GROUP_CONFIG_GetAppVersion
    {standard input}:86     .text.VADC_GROUP_CONFIG_Init:00000000 $t
    {standard input}:91     .text.VADC_GROUP_CONFIG_Init:00000000 VADC_GROUP_CONFIG_Init
                     .debug_frame:00000010 $d

NO UNDEFINED SYMBOLS
